#
# A fatal error has been detected by the Java Runtime Environment:
#
#  SIGSEGV (0xb) at pc=0x000000012c327aa3, pid=5005, tid=79875
#
# JRE version: Java(TM) SE Runtime Environment (8.0_45-b14) (build 1.8.0_45-b14)
# Java VM: Java HotSpot(TM) 64-Bit Server VM (25.45-b02 mixed mode bsd-amd64 compressed oops)
# Problematic frame:
# C  [MdaUGens.scx+0x1aa3]  MdaPiano_next+0x663
#
# Failed to write core dump. Core dumps have been disabled. To enable core dumping, try "ulimit -c unlimited" before starting Java again
#
# If you would like to submit a bug report, please visit:
#   http://bugreport.java.com/bugreport/crash.jsp
#

---------------  T H R E A D  ---------------

Current thread is native thread

siginfo: si_signo: 11 (SIGSEGV), si_code: 1 (SEGV_MAPERR), si_addr: 0x000000012b1d0596

Registers:
RAX=0x000000000000001b, RBX=0x0000000000000026, RCX=0x000000012c328040, RDX=0x0000000000000000
RSP=0x0000700002f35a50, RBP=0x0000700002f35ad0, RSI=0xffffffffff7542ab, RDI=0x0000000000000000
R8 =0x000000012d903e20, R9 =0x0000000000000000, R10=0x0000000000000000, R11=0x0000000000000009
R12=0x00007fe5ad75c794, R13=0x000000012d9040f4, R14=0x000000012d90426c, R15=0x00007fe5ad75c694
RIP=0x000000012c327aa3, EFLAGS=0x0000000000010286, ERR=0x0000000000000004
  TRAPNO=0x000000000000000e

Top of Stack: (sp=0x0000700002f35a50)
0x0000700002f35a50:   0000000000000001 000000012c3279d3
0x0000700002f35a60:   3c03126f000000c2 3e4ccccd3f4ccccd
0x0000700002f35a70:   00000040c91e663a 3fbbf4883f800000
0x0000700002f35a80:   000000013f4ccccd 404cccce3f800000
0x0000700002f35a90:   00007fe5ae44d998 000000012d9046c0
0x0000700002f35aa0:   000000013d23d70b 0000000000000001
0x0000700002f35ab0:   000000012d903de0 0000000000000001
0x0000700002f35ac0:   0000000000000000 000000012d903da8
0x0000700002f35ad0:   dada1f75e944517d 000000012b01fd01
0x0000700002f35ae0:   0000000000000000 4530000000000000
0x0000700002f35af0:   4330000000000000 00000000000ef56c
0x0000700002f35b00:   0000000129fe0814 000000012b023907
0x0000700002f35b10:   000000012d8e9680 000000012b023907
0x0000700002f35b20:   000000012d8fa4c0 000000012b023907
0x0000700002f35b30:   000000012d8dc280 000000012b023907
0x0000700002f35b40:   000000012d8dc480 000000012b023907
0x0000700002f35b50:   0000000000000000 000000012b023907
0x0000700002f35b60:   00007fe5a9ad3e00 000000012b01eef1
0x0000700002f35b70:   0000c033ff53eccf 0101000000000000
0x0000700002f35b80:   00000000005f1be3 000000080a9eca00
0x0000700002f35b90:   00007fe5ae503530 0000014000000004
0x0000700002f35ba0:   dada1f75eb7ef8cf 2525e08a14e02314
0x0000700002f35bb0:   fffffff700000000 0000000000000040
0x0000700002f35bc0:   0000000129f250e0 3ee5888000000000
0x0000700002f35bd0:   0000000000000200 0000000000000200
0x0000700002f35be0:   0000000100000001 2525e08a153f3ef7
0x0000700002f35bf0:   dada1f75eb1fdcec 4205431c00000000
0x0000700002f35c00:   00000008fffffff7 0000000000000040
0x0000700002f35c10:   00007fe5ae44cb70 0000000129f0d000
0x0000700002f35c20:   00007fe5ae44d920 0000000123dfe000
0x0000700002f35c30:   0000010000000000 0000000000000100
0x0000700002f35c40:   0000000000000100 0000000000000008 

Instructions: (pc=0x000000012c327aa3)
0x000000012c327a83:   75 7c 0f b7 d2 41 89 55 78 41 3b b5 80 00 00 00
0x000000012c327a93:   7e 0b 41 2b b5 84 00 00 00 41 89 75 7c 48 63 f6
0x000000012c327aa3:   0f bf 3c 71 ff c6 48 63 f6 0f bf 34 71 29 fe 0f
0x000000012c327ab3:   af f2 c1 fe 10 01 fe f3 0f 2a d6 f3 41 0f 10 9d 

Register to memory mapping:

RAX=0x000000000000001b is an unknown value
RBX=0x0000000000000026 is an unknown value
RCX=0x000000012c328040: pianoData+0 in /Users/roo/bin/clj_counterpoint/target/native/macosx/x86_64/MdaUGens.scx at 0x000000012c326000
RDX=0x0000000000000000 is an unknown value
RSP=0x0000700002f35a50 is an unknown value
RBP=0x0000700002f35ad0 is an unknown value
RSI=0xffffffffff7542ab is an unknown value
RDI=0x0000000000000000 is an unknown value
R8 =0x000000012d903e20 is an unknown value
R9 =0x0000000000000000 is an unknown value
R10=0x0000000000000000 is an unknown value
R11=0x0000000000000009 is an unknown value
R12=0x00007fe5ad75c794 is an unknown value
R13=0x000000012d9040f4 is an unknown value
R14=0x000000012d90426c is an unknown value
R15=0x00007fe5ad75c694 is an unknown value


Stack: [0x0000700002eb6000,0x0000700002f36000],  sp=0x0000700002f35a50,  free space=510k
Native frames: (J=compiled Java code, j=interpreted, Vv=VM code, C=native code)
C  [MdaUGens.scx+0x1aa3]  MdaPiano_next+0x663


---------------  P R O C E S S  ---------------

VM state:not at safepoint (normal execution)

VM Mutex/Monitor currently owned by a thread: None

Heap:
 PSYoungGen      total 660992K, used 172214K [0x0000000795580000, 0x00000007be100000, 0x00000007c0000000)
  eden space 654848K, 26% used [0x0000000795580000,0x000000079fd8d950,0x00000007bd500000)
  from space 6144K, 2% used [0x00000007bd500000,0x00000007bd520000,0x00000007bdb00000)
  to   space 5632K, 0% used [0x00000007bdb80000,0x00000007bdb80000,0x00000007be100000)
 ParOldGen       total 220672K, used 94087K [0x0000000740000000, 0x000000074d780000, 0x0000000795580000)
  object space 220672K, 42% used [0x0000000740000000,0x0000000745be1cc8,0x000000074d780000)
 Metaspace       used 88117K, capacity 118698K, committed 118976K, reserved 1136640K
  class space    used 21559K, capacity 31636K, committed 31680K, reserved 1048576K

Card table byte_map: [0x000000011b7d1000,0x000000011bbd2000] byte_map_base: 0x0000000117dd1000

Marking Bits: (ParMarkBitMap*) 0x000000010b50c7a0
 Begin Bits: [0x000000011be7d000, 0x000000011de7d000)
 End Bits:   [0x000000011de7d000, 0x000000011fe7d000)

Polling page: 0x000000010bbfa000

CodeCache: size=245760Kb used=28249Kb max_used=29221Kb free=217510Kb
 bounds [0x000000010c411000, 0x000000010e0d1000, 0x000000011b411000]
 total_blobs=7546 nmethods=6969 adapters=489
 compilation: enabled

Compilation events (10 events):
Event: 4484.482 Thread 0x00007fe5a8828800 10222       3       clojure.lang.ASeq::equiv (81 bytes)
Event: 4484.483 Thread 0x00007fe5a8828800 nmethod 10222 0x000000010da5a650 code [0x000000010da5a880, 0x000000010da5b788]
Event: 4484.525 Thread 0x00007fe5a8828800 10223       3       overtone.sc.synth$mapify_params$iter__21148__21152$fn__21153::invoke (807 bytes)
Event: 4484.532 Thread 0x00007fe5a8828800 nmethod 10223 0x000000010df568d0 code [0x000000010df57160, 0x000000010df5ef88]
Event: 4484.541 Thread 0x00007fe5a8828800 10224       3       java.math.MutableBigInteger::copyAndShift (73 bytes)
Event: 4484.542 Thread 0x00007fe5a8828800 nmethod 10224 0x000000010cc49810 code [0x000000010cc49980, 0x000000010cc49c30]
Event: 4484.558 Thread 0x00007fe5a8828800 10225       3       clojure.walk$walk::invoke (382 bytes)
Event: 4484.561 Thread 0x00007fe5a8828800 nmethod 10225 0x000000010ca03d10 code [0x000000010ca04160, 0x000000010ca073d8]
Event: 4486.515 Thread 0x00007fe5a9810000 10226       4       clojure.lang.RT::floatCast (70 bytes)
Event: 4486.517 Thread 0x00007fe5a9810000 nmethod 10226 0x000000010d28a210 code [0x000000010d28a3a0, 0x000000010d28a4d8]

GC Heap History (10 events):
Event: 4358.151 GC heap before
{Heap before GC invocations=69 (full 4):
 PSYoungGen      total 660480K, used 652960K [0x0000000795580000, 0x00000007be300000, 0x00000007c0000000)
  eden space 652800K, 100% used [0x0000000795580000,0x00000007bd300000,0x00000007bd300000)
  from space 7680K, 2% used [0x00000007bdb80000,0x00000007bdba8000,0x00000007be300000)
  to   space 8192K, 0% used [0x00000007bd300000,0x00000007bd300000,0x00000007bdb00000)
 ParOldGen       total 220672K, used 93959K [0x0000000740000000, 0x000000074d780000, 0x0000000795580000)
  object space 220672K, 42% used [0x0000000740000000,0x0000000745bc1cc8,0x000000074d780000)
 Metaspace       used 88054K, capacity 118478K, committed 118720K, reserved 1136640K
  class space    used 21543K, capacity 31584K, committed 31680K, reserved 1048576K
Event: 4358.157 GC heap after
Heap after GC invocations=69 (full 4):
 PSYoungGen      total 660992K, used 160K [0x0000000795580000, 0x00000007be200000, 0x00000007c0000000)
  eden space 652800K, 0% used [0x0000000795580000,0x0000000795580000,0x00000007bd300000)
  from space 8192K, 1% used [0x00000007bd300000,0x00000007bd328000,0x00000007bdb00000)
  to   space 7168K, 0% used [0x00000007bdb00000,0x00000007bdb00000,0x00000007be200000)
 ParOldGen       total 220672K, used 93991K [0x0000000740000000, 0x000000074d780000, 0x0000000795580000)
  object space 220672K, 42% used [0x0000000740000000,0x0000000745bc9cc8,0x000000074d780000)
 Metaspace       used 88054K, capacity 118478K, committed 118720K, reserved 1136640K
  class space    used 21543K, capacity 31584K, committed 31680K, reserved 1048576K
}
Event: 4388.404 GC heap before
{Heap before GC invocations=70 (full 4):
 PSYoungGen      total 660992K, used 652960K [0x0000000795580000, 0x00000007be200000, 0x00000007c0000000)
  eden space 652800K, 100% used [0x0000000795580000,0x00000007bd300000,0x00000007bd300000)
  from space 8192K, 1% used [0x00000007bd300000,0x00000007bd328000,0x00000007bdb00000)
  to   space 7168K, 0% used [0x00000007bdb00000,0x00000007bdb00000,0x00000007be200000)
 ParOldGen       total 220672K, used 93991K [0x0000000740000000, 0x000000074d780000, 0x0000000795580000)
  object space 220672K, 42% used [0x0000000740000000,0x0000000745bc9cc8,0x000000074d780000)
 Metaspace       used 88060K, capacity 118490K, committed 118720K, reserved 1136640K
  class space    used 21545K, capacity 31588K, committed 31680K, reserved 1048576K
Event: 4388.410 GC heap after
Heap after GC invocations=70 (full 4):
 PSYoungGen      total 659968K, used 160K [0x0000000795580000, 0x00000007be100000, 0x00000007c0000000)
  eden space 653824K, 0% used [0x0000000795580000,0x0000000795580000,0x00000007bd400000)
  from space 6144K, 2% used [0x00000007bdb00000,0x00000007bdb28000,0x00000007be100000)
  to   space 6656K, 0% used [0x00000007bd400000,0x00000007bd400000,0x00000007bda80000)
 ParOldGen       total 220672K, used 93991K [0x0000000740000000, 0x000000074d780000, 0x0000000795580000)
  object space 220672K, 42% used [0x0000000740000000,0x0000000745bc9cc8,0x000000074d780000)
 Metaspace       used 88060K, capacity 118490K, committed 118720K, reserved 1136640K
  class space    used 21545K, capacity 31588K, committed 31680K, reserved 1048576K
}
Event: 4418.777 GC heap before
{Heap before GC invocations=71 (full 4):
 PSYoungGen      total 659968K, used 653984K [0x0000000795580000, 0x00000007be100000, 0x00000007c0000000)
  eden space 653824K, 100% used [0x0000000795580000,0x00000007bd400000,0x00000007bd400000)
  from space 6144K, 2% used [0x00000007bdb00000,0x00000007bdb28000,0x00000007be100000)
  to   space 6656K, 0% used [0x00000007bd400000,0x00000007bd400000,0x00000007bda80000)
 ParOldGen       total 220672K, used 93991K [0x0000000740000000, 0x000000074d780000, 0x0000000795580000)
  object space 220672K, 42% used [0x0000000740000000,0x0000000745bc9cc8,0x000000074d780000)
 Metaspace       used 88066K, capacity 118502K, committed 118720K, reserved 1136640K
  class space    used 21548K, capacity 31592K, committed 31680K, reserved 1048576K
Event: 4418.783 GC heap after
Heap after GC invocations=71 (full 4):
 PSYoungGen      total 660480K, used 128K [0x0000000795580000, 0x00000007be200000, 0x00000007c0000000)
  eden space 653824K, 0% used [0x0000000795580000,0x0000000795580000,0x00000007bd400000)
  from space 6656K, 1% used [0x00000007bd400000,0x00000007bd420000,0x00000007bda80000)
  to   space 6656K, 0% used [0x00000007bdb80000,0x00000007bdb80000,0x00000007be200000)
 ParOldGen       total 220672K, used 94023K [0x0000000740000000, 0x000000074d780000, 0x0000000795580000)
  object space 220672K, 42% used [0x0000000740000000,0x0000000745bd1cc8,0x000000074d780000)
 Metaspace       used 88066K, capacity 118502K, committed 118720K, reserved 1136640K
  class space    used 21548K, capacity 31592K, committed 31680K, reserved 1048576K
}
Event: 4449.030 GC heap before
{Heap before GC invocations=72 (full 4):
 PSYoungGen      total 660480K, used 653952K [0x0000000795580000, 0x00000007be200000, 0x00000007c0000000)
  eden space 653824K, 100% used [0x0000000795580000,0x00000007bd400000,0x00000007bd400000)
  from space 6656K, 1% used [0x00000007bd400000,0x00000007bd420000,0x00000007bda80000)
  to   space 6656K, 0% used [0x00000007bdb80000,0x00000007bdb80000,0x00000007be200000)
 ParOldGen       total 220672K, used 94023K [0x0000000740000000, 0x000000074d780000, 0x0000000795580000)
  object space 220672K, 42% used [0x0000000740000000,0x0000000745bd1cc8,0x000000074d780000)
 Metaspace       used 88066K, capacity 118502K, committed 118720K, reserved 1136640K
  class space    used 21548K, capacity 31592K, committed 31680K, reserved 1048576K
Event: 4449.036 GC heap after
Heap after GC invocations=72 (full 4):
 PSYoungGen      total 660480K, used 128K [0x0000000795580000, 0x00000007be100000, 0x00000007c0000000)
  eden space 654848K, 0% used [0x0000000795580000,0x0000000795580000,0x00000007bd500000)
  from space 5632K, 2% used [0x00000007bdb80000,0x00000007bdba0000,0x00000007be100000)
  to   space 6144K, 0% used [0x00000007bd500000,0x00000007bd500000,0x00000007bdb00000)
 ParOldGen       total 220672K, used 94055K [0x0000000740000000, 0x000000074d780000, 0x0000000795580000)
  object space 220672K, 42% used [0x0000000740000000,0x0000000745bd9cc8,0x000000074d780000)
 Metaspace       used 88066K, capacity 118502K, committed 118720K, reserved 1136640K
  class space    used 21548K, capacity 31592K, committed 31680K, reserved 1048576K
}
Event: 4479.147 GC heap before
{Heap before GC invocations=73 (full 4):
 PSYoungGen      total 660480K, used 654976K [0x0000000795580000, 0x00000007be100000, 0x00000007c0000000)
  eden space 654848K, 100% used [0x0000000795580000,0x00000007bd500000,0x00000007bd500000)
  from space 5632K, 2% used [0x00000007bdb80000,0x00000007bdba0000,0x00000007be100000)
  to   space 6144K, 0% used [0x00000007bd500000,0x00000007bd500000,0x00000007bdb00000)
 ParOldGen       total 220672K, used 94055K [0x0000000740000000, 0x000000074d780000, 0x0000000795580000)
  object space 220672K, 42% used [0x0000000740000000,0x0000000745bd9cc8,0x000000074d780000)
 Metaspace       used 88069K, capacity 118508K, committed 118720K, reserved 1136640K
  class space    used 21549K, capacity 31594K, committed 31680K, reserved 1048576K
Event: 4479.153 GC heap after
Heap after GC invocations=73 (full 4):
 PSYoungGen      total 660992K, used 128K [0x0000000795580000, 0x00000007be100000, 0x00000007c0000000)
  eden space 654848K, 0% used [0x0000000795580000,0x0000000795580000,0x00000007bd500000)
  from space 6144K, 2% used [0x00000007bd500000,0x00000007bd520000,0x00000007bdb00000)
  to   space 5632K, 0% used [0x00000007bdb80000,0x00000007bdb80000,0x00000007be100000)
 ParOldGen       total 220672K, used 94087K [0x0000000740000000, 0x000000074d780000, 0x0000000795580000)
  object space 220672K, 42% used [0x0000000740000000,0x0000000745be1cc8,0x000000074d780000)
 Metaspace       used 88069K, capacity 118508K, committed 118720K, reserved 1136640K
  class space    used 21549K, capacity 31594K, committed 31680K, reserved 1048576K
}

Deoptimization events (10 events):
Event: 4299.153 Thread 0x00007fe5ad80f000 Uncommon trap: reason=class_check action=maybe_recompile pc=0x000000010dfdfe04 method=clojure.lang.Var.invoke(Ljava/lang/Object;)Ljava/lang/Object; @ 11
Event: 4299.153 Thread 0x00007fe5ad80f000 Uncommon trap: reason=class_check action=maybe_recompile pc=0x000000010dfdfe04 method=clojure.lang.Var.invoke(Ljava/lang/Object;)Ljava/lang/Object; @ 11
Event: 4299.153 Thread 0x00007fe5ad80f000 Uncommon trap: reason=class_check action=maybe_recompile pc=0x000000010dfdfe04 method=clojure.lang.Var.invoke(Ljava/lang/Object;)Ljava/lang/Object; @ 11
Event: 4299.153 Thread 0x00007fe5ad80f000 Uncommon trap: reason=class_check action=maybe_recompile pc=0x000000010dfdfe04 method=clojure.lang.Var.invoke(Ljava/lang/Object;)Ljava/lang/Object; @ 11
Event: 4330.281 Thread 0x00007fe5ac86b000 Uncommon trap: reason=bimorphic action=maybe_recompile pc=0x000000010df75554 method=clojure.lang.Var.invoke(Ljava/lang/Object;)Ljava/lang/Object; @ 11
Event: 4330.281 Thread 0x00007fe5ac86b000 Uncommon trap: reason=bimorphic action=maybe_recompile pc=0x000000010df75554 method=clojure.lang.Var.invoke(Ljava/lang/Object;)Ljava/lang/Object; @ 11
Event: 4332.358 Thread 0x00007fe5ac86b000 Uncommon trap: reason=bimorphic action=maybe_recompile pc=0x000000010df75554 method=clojure.lang.Var.invoke(Ljava/lang/Object;)Ljava/lang/Object; @ 11
Event: 4332.358 Thread 0x00007fe5ac86b000 Uncommon trap: reason=bimorphic action=maybe_recompile pc=0x000000010df75554 method=clojure.lang.Var.invoke(Ljava/lang/Object;)Ljava/lang/Object; @ 11
Event: 4446.367 Thread 0x00007fe5ac86b000 Uncommon trap: reason=unstable_if action=reinterpret pc=0x000000010ca37e08 method=java.net.URL.<init>(Ljava/net/URL;Ljava/lang/String;Ljava/net/URLStreamHandler;)V @ 233
Event: 4483.651 Thread 0x00007fe5ac86b000 Uncommon trap: reason=unstable_if action=reinterpret pc=0x000000010d323210 method=clojure.lang.MethodImplCache.fnFor(Ljava/lang/Class;)Lclojure/lang/IFn; @ 6

Internal exceptions (10 events):
Event: 4446.376 Thread 0x00007fe5ac86b000 Exception <a 'java/lang/ClassNotFoundException': > (0x00000007b9b87830) thrown at [/Users/java_re/workspace/8-2-build-macosx-x86_64/jdk8u45/3457/hotspot/src/share/vm/prims/jni.cpp, line 735]
Event: 4446.376 Thread 0x00007fe5ac86b000 Exception <a 'java/lang/ClassNotFoundException': > (0x00000007b9b88378) thrown at [/Users/java_re/workspace/8-2-build-macosx-x86_64/jdk8u45/3457/hotspot/src/share/vm/prims/jni.cpp, line 735]
Event: 4446.376 Thread 0x00007fe5ac86b000 Exception <a 'java/lang/ClassNotFoundException': > (0x00000007b9b89130) thrown at [/Users/java_re/workspace/8-2-build-macosx-x86_64/jdk8u45/3457/hotspot/src/share/vm/prims/jni.cpp, line 735]
Event: 4446.376 Thread 0x00007fe5ac86b000 Exception <a 'java/lang/ClassNotFoundException': > (0x00000007b9b89b68) thrown at [/Users/java_re/workspace/8-2-build-macosx-x86_64/jdk8u45/3457/hotspot/src/share/vm/prims/jni.cpp, line 735]
Event: 4446.376 Thread 0x00007fe5ac86b000 Exception <a 'java/lang/ClassNotFoundException': > (0x00000007b9b8a810) thrown at [/Users/java_re/workspace/8-2-build-macosx-x86_64/jdk8u45/3457/hotspot/src/share/vm/prims/jni.cpp, line 735]
Event: 4446.376 Thread 0x00007fe5ac86b000 Exception <a 'java/lang/ClassNotFoundException': > (0x00000007b9b8b0e8) thrown at [/Users/java_re/workspace/8-2-build-macosx-x86_64/jdk8u45/3457/hotspot/src/share/vm/prims/jni.cpp, line 735]
Event: 4446.376 Thread 0x00007fe5ac86b000 Exception <a 'java/lang/ClassNotFoundException': > (0x00000007b9b8b9c0) thrown at [/Users/java_re/workspace/8-2-build-macosx-x86_64/jdk8u45/3457/hotspot/src/share/vm/prims/jni.cpp, line 735]
Event: 4446.376 Thread 0x00007fe5ac86b000 Exception <a 'java/lang/ClassNotFoundException': > (0x00000007b9b8c640) thrown at [/Users/java_re/workspace/8-2-build-macosx-x86_64/jdk8u45/3457/hotspot/src/share/vm/prims/jni.cpp, line 735]
Event: 4446.376 Thread 0x00007fe5ac86b000 Exception <a 'java/lang/ClassNotFoundException': > (0x00000007b9b8d188) thrown at [/Users/java_re/workspace/8-2-build-macosx-x86_64/jdk8u45/3457/hotspot/src/share/vm/prims/jni.cpp, line 735]
Event: 4483.651 Thread 0x00007fe5ac86b000 Implicit null exception at 0x000000010d31db48 to 0x000000010d323205

Events (10 events):
Event: 4486.276 Thread 0x00007fe5ad11e800 Thread added: 0x00007fe5ad11e800
Event: 4486.277 Thread 0x00007fe5ad11e800 Thread exited: 0x00007fe5ad11e800
Event: 4486.277 Thread 0x00007fe5ad11e800 Thread added: 0x00007fe5ad11e800
Event: 4486.277 Thread 0x00007fe5ad11e800 Thread exited: 0x00007fe5ad11e800
Event: 4486.277 Thread 0x00007fe5ad11e800 Thread added: 0x00007fe5ad11e800
Event: 4486.278 Thread 0x00007fe5ad11e800 Thread exited: 0x00007fe5ad11e800
Event: 4486.402 Thread 0x00007fe5ad11e800 Thread added: 0x00007fe5ad11e800
Event: 4486.403 Thread 0x00007fe5ad11e800 Thread exited: 0x00007fe5ad11e800
Event: 4486.403 Thread 0x00007fe5ad11e800 Thread added: 0x00007fe5ad11e800
Event: 4486.403 Thread 0x00007fe5ad11e800 Thread exited: 0x00007fe5ad11e800


Dynamic libraries:
0x0000000005949000 	/System/Library/Frameworks/Cocoa.framework/Versions/A/Cocoa
0x0000000005949000 	/System/Library/Frameworks/Security.framework/Versions/A/Security
0x0000000005949000 	/System/Library/Frameworks/ApplicationServices.framework/Versions/A/ApplicationServices
0x0000000005949000 	/usr/lib/libz.1.dylib
0x0000000005949000 	/usr/lib/libSystem.B.dylib
0x0000000005949000 	/usr/lib/libobjc.A.dylib
0x0000000005949000 	/System/Library/Frameworks/CoreFoundation.framework/Versions/A/CoreFoundation
0x0000000005949000 	/System/Library/Frameworks/Foundation.framework/Versions/C/Foundation
0x0000000005949000 	/System/Library/Frameworks/AppKit.framework/Versions/C/AppKit
0x0000000005949000 	/System/Library/Frameworks/CoreData.framework/Versions/A/CoreData
0x0000000005949000 	/System/Library/PrivateFrameworks/RemoteViewServices.framework/Versions/A/RemoteViewServices
0x0000000005949000 	/System/Library/PrivateFrameworks/UIFoundation.framework/Versions/A/UIFoundation
0x0000000005949000 	/usr/lib/libScreenReader.dylib
0x0000000005949000 	/System/Library/Frameworks/Accelerate.framework/Versions/A/Accelerate
0x0000000005949000 	/System/Library/Frameworks/IOSurface.framework/Versions/A/IOSurface
0x0000000005949000 	/System/Library/Frameworks/AudioToolbox.framework/Versions/A/AudioToolbox
0x0000000005949000 	/System/Library/Frameworks/AudioUnit.framework/Versions/A/AudioUnit
0x0000000005949000 	/System/Library/PrivateFrameworks/DataDetectorsCore.framework/Versions/A/DataDetectorsCore
0x0000000005949000 	/System/Library/PrivateFrameworks/DesktopServicesPriv.framework/Versions/A/DesktopServicesPriv
0x0000000005949000 	/System/Library/Frameworks/Carbon.framework/Versions/A/Frameworks/HIToolbox.framework/Versions/A/HIToolbox
0x0000000005949000 	/System/Library/Frameworks/QuartzCore.framework/Versions/A/QuartzCore
0x0000000005949000 	/System/Library/Frameworks/Carbon.framework/Versions/A/Frameworks/SpeechRecognition.framework/Versions/A/SpeechRecognition
0x0000000005949000 	/usr/lib/libauto.dylib
0x0000000005949000 	/usr/lib/libicucore.A.dylib
0x0000000005949000 	/usr/lib/libxml2.2.dylib
0x0000000005949000 	/System/Library/PrivateFrameworks/CoreUI.framework/Versions/A/CoreUI
0x0000000005949000 	/System/Library/Frameworks/CoreAudio.framework/Versions/A/CoreAudio
0x0000000005949000 	/System/Library/Frameworks/DiskArbitration.framework/Versions/A/DiskArbitration
0x0000000005949000 	/usr/lib/liblangid.dylib
0x0000000005949000 	/System/Library/PrivateFrameworks/MultitouchSupport.framework/Versions/A/MultitouchSupport
0x0000000005949000 	/System/Library/Frameworks/IOKit.framework/Versions/A/IOKit
0x0000000005949000 	/usr/lib/libDiagnosticMessagesClient.dylib
0x0000000005949000 	/System/Library/Frameworks/CoreServices.framework/Versions/A/CoreServices
0x0000000005949000 	/System/Library/PrivateFrameworks/PerformanceAnalysis.framework/Versions/A/PerformanceAnalysis
0x0000000005949000 	/System/Library/PrivateFrameworks/GenerationalStorage.framework/Versions/A/GenerationalStorage
0x0000000005949000 	/System/Library/Frameworks/OpenGL.framework/Versions/A/OpenGL
0x0000000005949000 	/System/Library/PrivateFrameworks/Sharing.framework/Versions/A/Sharing
0x0000000005949000 	/System/Library/Frameworks/CoreGraphics.framework/Versions/A/CoreGraphics
0x0000000005949000 	/System/Library/Frameworks/CoreImage.framework/Versions/A/CoreImage
0x0000000005949000 	/System/Library/Frameworks/CoreText.framework/Versions/A/CoreText
0x0000000005949000 	/System/Library/Frameworks/ImageIO.framework/Versions/A/ImageIO
0x0000000005949000 	/System/Library/PrivateFrameworks/Backup.framework/Versions/A/Backup
0x0000000005949000 	/usr/lib/libextension.dylib
0x0000000005949000 	/usr/lib/libarchive.2.dylib
0x0000000005949000 	/System/Library/Frameworks/CFNetwork.framework/Versions/A/CFNetwork
0x0000000005949000 	/System/Library/Frameworks/SystemConfiguration.framework/Versions/A/SystemConfiguration
0x0000000005949000 	/usr/lib/libCRFSuite.dylib
0x0000000005949000 	/usr/lib/libc++.1.dylib
0x0000000005949000 	/usr/lib/libc++abi.dylib
0x0000000005949000 	/usr/lib/system/libcache.dylib
0x0000000005949000 	/usr/lib/system/libcommonCrypto.dylib
0x0000000005949000 	/usr/lib/system/libcompiler_rt.dylib
0x0000000005949000 	/usr/lib/system/libcopyfile.dylib
0x0000000005949000 	/usr/lib/system/libcorecrypto.dylib
0x0000000005949000 	/usr/lib/system/libdispatch.dylib
0x0000000005949000 	/usr/lib/system/libdyld.dylib
0x0000000005949000 	/usr/lib/system/libkeymgr.dylib
0x0000000005949000 	/usr/lib/system/liblaunch.dylib
0x0000000005949000 	/usr/lib/system/libmacho.dylib
0x0000000005949000 	/usr/lib/system/libquarantine.dylib
0x0000000005949000 	/usr/lib/system/libremovefile.dylib
0x0000000005949000 	/usr/lib/system/libsystem_asl.dylib
0x0000000005949000 	/usr/lib/system/libsystem_blocks.dylib
0x0000000005949000 	/usr/lib/system/libsystem_c.dylib
0x0000000005949000 	/usr/lib/system/libsystem_configuration.dylib
0x0000000005949000 	/usr/lib/system/libsystem_coreservices.dylib
0x0000000005949000 	/usr/lib/system/libsystem_coretls.dylib
0x0000000005949000 	/usr/lib/system/libsystem_dnssd.dylib
0x0000000005949000 	/usr/lib/system/libsystem_info.dylib
0x0000000005949000 	/usr/lib/system/libsystem_kernel.dylib
0x0000000005949000 	/usr/lib/system/libsystem_m.dylib
0x0000000005949000 	/usr/lib/system/libsystem_malloc.dylib
0x0000000005949000 	/usr/lib/system/libsystem_network.dylib
0x0000000005949000 	/usr/lib/system/libsystem_networkextension.dylib
0x0000000005949000 	/usr/lib/system/libsystem_notify.dylib
0x0000000005949000 	/usr/lib/system/libsystem_platform.dylib
0x0000000005949000 	/usr/lib/system/libsystem_pthread.dylib
0x0000000005949000 	/usr/lib/system/libsystem_sandbox.dylib
0x0000000005949000 	/usr/lib/system/libsystem_secinit.dylib
0x0000000005949000 	/usr/lib/system/libsystem_trace.dylib
0x0000000005949000 	/usr/lib/system/libunc.dylib
0x0000000005949000 	/usr/lib/system/libunwind.dylib
0x0000000005949000 	/usr/lib/system/libxpc.dylib
0x0000000005949000 	/usr/lib/libenergytrace.dylib
0x0000000005949000 	/usr/lib/libbsm.0.dylib
0x0000000005949000 	/usr/lib/system/libkxld.dylib
0x0000000005949000 	/usr/lib/libxar.1.dylib
0x0000000005949000 	/usr/lib/libsqlite3.dylib
0x0000000005949000 	/usr/lib/libpam.2.dylib
0x0000000005949000 	/usr/lib/libOpenScriptingUtil.dylib
0x0000000005949000 	/usr/lib/libbz2.1.0.dylib
0x0000000005949000 	/usr/lib/liblzma.5.dylib
0x0000000005949000 	/System/Library/Frameworks/CoreServices.framework/Versions/A/Frameworks/FSEvents.framework/Versions/A/FSEvents
0x0000000005949000 	/System/Library/Frameworks/CoreServices.framework/Versions/A/Frameworks/CarbonCore.framework/Versions/A/CarbonCore
0x0000000005949000 	/System/Library/Frameworks/CoreServices.framework/Versions/A/Frameworks/Metadata.framework/Versions/A/Metadata
0x0000000005949000 	/System/Library/Frameworks/CoreServices.framework/Versions/A/Frameworks/OSServices.framework/Versions/A/OSServices
0x0000000005949000 	/System/Library/Frameworks/CoreServices.framework/Versions/A/Frameworks/SearchKit.framework/Versions/A/SearchKit
0x0000000005949000 	/System/Library/Frameworks/CoreServices.framework/Versions/A/Frameworks/AE.framework/Versions/A/AE
0x0000000005949000 	/System/Library/Frameworks/CoreServices.framework/Versions/A/Frameworks/LaunchServices.framework/Versions/A/LaunchServices
0x0000000005949000 	/System/Library/Frameworks/CoreServices.framework/Versions/A/Frameworks/DictionaryServices.framework/Versions/A/DictionaryServices
0x0000000005949000 	/System/Library/Frameworks/CoreServices.framework/Versions/A/Frameworks/SharedFileList.framework/Versions/A/SharedFileList
0x0000000005949000 	/System/Library/Frameworks/NetFS.framework/Versions/A/NetFS
0x0000000005949000 	/System/Library/PrivateFrameworks/NetAuth.framework/Versions/A/NetAuth
0x0000000005949000 	/System/Library/PrivateFrameworks/login.framework/Versions/A/Frameworks/loginsupport.framework/Versions/A/loginsupport
0x0000000005949000 	/System/Library/PrivateFrameworks/TCC.framework/Versions/A/TCC
0x0000000005949000 	/usr/lib/libmecabra.dylib
0x0000000005949000 	/System/Library/Frameworks/ApplicationServices.framework/Versions/A/Frameworks/ATS.framework/Versions/A/ATS
0x0000000005949000 	/System/Library/Frameworks/ApplicationServices.framework/Versions/A/Frameworks/ColorSync.framework/Versions/A/ColorSync
0x0000000005949000 	/System/Library/Frameworks/ApplicationServices.framework/Versions/A/Frameworks/HIServices.framework/Versions/A/HIServices
0x0000000005949000 	/System/Library/Frameworks/ApplicationServices.framework/Versions/A/Frameworks/LangAnalysis.framework/Versions/A/LangAnalysis
0x0000000005949000 	/System/Library/Frameworks/ApplicationServices.framework/Versions/A/Frameworks/PrintCore.framework/Versions/A/PrintCore
0x0000000005949000 	/System/Library/Frameworks/ApplicationServices.framework/Versions/A/Frameworks/QD.framework/Versions/A/QD
0x0000000005949000 	/System/Library/Frameworks/ApplicationServices.framework/Versions/A/Frameworks/SpeechSynthesis.framework/Versions/A/SpeechSynthesis
0x0000000005949000 	/System/Library/Frameworks/Metal.framework/Versions/A/Metal
0x0000000005949000 	/System/Library/Frameworks/Accelerate.framework/Versions/A/Frameworks/vImage.framework/Versions/A/vImage
0x0000000005949000 	/System/Library/Frameworks/Accelerate.framework/Versions/A/Frameworks/vecLib.framework/Versions/A/vecLib
0x0000000005949000 	/System/Library/Frameworks/Accelerate.framework/Versions/A/Frameworks/vecLib.framework/Versions/A/libvDSP.dylib
0x0000000005949000 	/System/Library/Frameworks/Accelerate.framework/Versions/A/Frameworks/vecLib.framework/Versions/A/libvMisc.dylib
0x0000000005949000 	/System/Library/Frameworks/Accelerate.framework/Versions/A/Frameworks/vecLib.framework/Versions/A/libLAPACK.dylib
0x0000000005949000 	/System/Library/Frameworks/Accelerate.framework/Versions/A/Frameworks/vecLib.framework/Versions/A/libBLAS.dylib
0x0000000005949000 	/System/Library/Frameworks/Accelerate.framework/Versions/A/Frameworks/vecLib.framework/Versions/A/libLinearAlgebra.dylib
0x0000000005949000 	/System/Library/Frameworks/Accelerate.framework/Versions/A/Frameworks/vecLib.framework/Versions/A/libSparseBLAS.dylib
0x0000000005949000 	/System/Library/PrivateFrameworks/GPUCompiler.framework/libmetal_timestamp.dylib
0x0000000005949000 	/System/Library/Frameworks/OpenGL.framework/Versions/A/Libraries/libCoreFSCache.dylib
0x0000000005949000 	/System/Library/PrivateFrameworks/IOAccelerator.framework/Versions/A/IOAccelerator
0x0000000005949000 	/System/Library/Frameworks/ApplicationServices.framework/Versions/A/Frameworks/ATS.framework/Versions/A/Resources/libFontParser.dylib
0x0000000005949000 	/System/Library/Frameworks/ApplicationServices.framework/Versions/A/Frameworks/ATS.framework/Versions/A/Resources/libFontRegistry.dylib
0x0000000005949000 	/System/Library/PrivateFrameworks/AppleVPA.framework/Versions/A/AppleVPA
0x0000000005949000 	/System/Library/PrivateFrameworks/AppleJPEG.framework/Versions/A/AppleJPEG
0x0000000005949000 	/System/Library/Frameworks/ImageIO.framework/Versions/A/Resources/libJPEG.dylib
0x0000000005949000 	/System/Library/Frameworks/ImageIO.framework/Versions/A/Resources/libTIFF.dylib
0x0000000005949000 	/System/Library/Frameworks/ImageIO.framework/Versions/A/Resources/libPng.dylib
0x0000000005949000 	/System/Library/Frameworks/ImageIO.framework/Versions/A/Resources/libGIF.dylib
0x0000000005949000 	/System/Library/Frameworks/ImageIO.framework/Versions/A/Resources/libJP2.dylib
0x0000000005949000 	/System/Library/Frameworks/ImageIO.framework/Versions/A/Resources/libRadiance.dylib
0x0000000005949000 	/System/Library/Frameworks/CoreVideo.framework/Versions/A/CoreVideo
0x0000000005949000 	/System/Library/Frameworks/OpenGL.framework/Versions/A/Libraries/libGLU.dylib
0x0000000005949000 	/System/Library/Frameworks/OpenGL.framework/Versions/A/Libraries/libGFXShared.dylib
0x0000000005949000 	/System/Library/Frameworks/OpenGL.framework/Versions/A/Libraries/libGL.dylib
0x0000000005949000 	/System/Library/Frameworks/OpenGL.framework/Versions/A/Libraries/libGLImage.dylib
0x0000000005949000 	/System/Library/Frameworks/OpenGL.framework/Versions/A/Libraries/libCVMSPluginSupport.dylib
0x0000000005949000 	/System/Library/Frameworks/OpenGL.framework/Versions/A/Libraries/libCoreVMClient.dylib
0x0000000005949000 	/usr/lib/libcompression.dylib
0x0000000005949000 	/usr/lib/libcups.2.dylib
0x0000000005949000 	/System/Library/Frameworks/Kerberos.framework/Versions/A/Kerberos
0x0000000005949000 	/System/Library/Frameworks/GSS.framework/Versions/A/GSS
0x0000000005949000 	/usr/lib/libresolv.9.dylib
0x0000000005949000 	/usr/lib/libiconv.2.dylib
0x0000000005949000 	/System/Library/PrivateFrameworks/Heimdal.framework/Versions/A/Heimdal
0x0000000005949000 	/usr/lib/libheimdal-asn1.dylib
0x0000000005949000 	/System/Library/Frameworks/OpenDirectory.framework/Versions/A/OpenDirectory
0x0000000005949000 	/System/Library/PrivateFrameworks/CommonAuth.framework/Versions/A/CommonAuth
0x0000000005949000 	/System/Library/Frameworks/OpenDirectory.framework/Versions/A/Frameworks/CFOpenDirectory.framework/Versions/A/CFOpenDirectory
0x0000000005949000 	/System/Library/Frameworks/SecurityFoundation.framework/Versions/A/SecurityFoundation
0x0000000005949000 	/System/Library/PrivateFrameworks/LanguageModeling.framework/Versions/A/LanguageModeling
0x0000000005949000 	/usr/lib/libmarisa.dylib
0x0000000005949000 	/usr/lib/libChineseTokenizer.dylib
0x0000000005949000 	/usr/lib/libcmph.dylib
0x0000000005949000 	/System/Library/Frameworks/ServiceManagement.framework/Versions/A/ServiceManagement
0x0000000005949000 	/usr/lib/libxslt.1.dylib
0x0000000005949000 	/System/Library/Frameworks/Carbon.framework/Versions/A/Frameworks/Ink.framework/Versions/A/Ink
0x0000000005949000 	/usr/lib/libFosl_dynamic.dylib
0x0000000005949000 	/System/Library/PrivateFrameworks/FaceCore.framework/Versions/A/FaceCore
0x0000000005949000 	/System/Library/Frameworks/OpenCL.framework/Versions/A/OpenCL
0x0000000005949000 	/System/Library/PrivateFrameworks/CrashReporterSupport.framework/Versions/A/CrashReporterSupport
0x0000000005949000 	/System/Library/PrivateFrameworks/IconServices.framework/Versions/A/IconServices
0x0000000005949000 	/System/Library/PrivateFrameworks/Apple80211.framework/Versions/A/Apple80211
0x0000000005949000 	/System/Library/Frameworks/CoreWLAN.framework/Versions/A/CoreWLAN
0x0000000005949000 	/System/Library/Frameworks/IOBluetooth.framework/Versions/A/IOBluetooth
0x0000000005949000 	/System/Library/PrivateFrameworks/CoreWiFi.framework/Versions/A/CoreWiFi
0x0000000005949000 	/System/Library/Frameworks/CoreBluetooth.framework/Versions/A/CoreBluetooth
0x0000000005949000 	/System/Library/PrivateFrameworks/ChunkingLibrary.framework/Versions/A/ChunkingLibrary
0x0000000005949000 	/System/Library/PrivateFrameworks/DebugSymbols.framework/Versions/A/DebugSymbols
0x0000000005949000 	/System/Library/PrivateFrameworks/CoreSymbolication.framework/Versions/A/CoreSymbolication
0x0000000005949000 	/System/Library/PrivateFrameworks/Symbolication.framework/Versions/A/Symbolication
0x0000000005949000 	/System/Library/PrivateFrameworks/SpeechRecognitionCore.framework/Versions/A/SpeechRecognitionCore
0x000000010ac4a000 	/Library/Java/JavaVirtualMachines/jdk1.8.0_45.jdk/Contents/Home/jre/lib/server/libjvm.dylib
0x0000000005949000 	/usr/lib/libstdc++.6.dylib
0x000000010bbb7000 	/Library/Java/JavaVirtualMachines/jdk1.8.0_45.jdk/Contents/Home/jre/lib/libverify.dylib
0x000000010bbc5000 	/Library/Java/JavaVirtualMachines/jdk1.8.0_45.jdk/Contents/Home/jre/lib/libjava.dylib
0x000000010c408000 	/Library/Java/JavaVirtualMachines/jdk1.8.0_45.jdk/Contents/Home/jre/lib/libzip.dylib
0x0000000121d73000 	/System/Library/Frameworks/JavaVM.framework/Frameworks/JavaRuntimeSupport.framework/JavaRuntimeSupport
0x0000000121d8e000 	/System/Library/Frameworks/JavaVM.framework/Versions/A/Frameworks/JavaNativeFoundation.framework/Versions/A/JavaNativeFoundation
0x0000000121da3000 	/System/Library/Frameworks/JavaVM.framework/Versions/A/JavaVM
0x0000000005949000 	/System/Library/Frameworks/Carbon.framework/Versions/A/Carbon
0x0000000121db0000 	/System/Library/PrivateFrameworks/JavaLaunching.framework/Versions/A/JavaLaunching
0x0000000005949000 	/System/Library/Frameworks/Carbon.framework/Versions/A/Frameworks/CommonPanels.framework/Versions/A/CommonPanels
0x0000000005949000 	/System/Library/Frameworks/Carbon.framework/Versions/A/Frameworks/Help.framework/Versions/A/Help
0x0000000005949000 	/System/Library/Frameworks/Carbon.framework/Versions/A/Frameworks/ImageCapture.framework/Versions/A/ImageCapture
0x0000000005949000 	/System/Library/Frameworks/Carbon.framework/Versions/A/Frameworks/OpenScripting.framework/Versions/A/OpenScripting
0x0000000005949000 	/System/Library/Frameworks/Carbon.framework/Versions/A/Frameworks/Print.framework/Versions/A/Print
0x0000000005949000 	/System/Library/Frameworks/Carbon.framework/Versions/A/Frameworks/SecurityHI.framework/Versions/A/SecurityHI
0x00000001240a7000 	/Library/Java/JavaVirtualMachines/jdk1.8.0_45.jdk/Contents/Home/jre/lib/libawt.dylib
0x00000001243ab000 	/Library/Java/JavaVirtualMachines/jdk1.8.0_45.jdk/Contents/Home/jre/lib/./libmlib_image.dylib
0x00000001245c0000 	/Library/Java/JavaVirtualMachines/jdk1.8.0_45.jdk/Contents/Home/jre/lib/libawt_lwawt.dylib
0x0000000123945000 	/Library/Java/JavaVirtualMachines/jdk1.8.0_45.jdk/Contents/Home/jre/lib/./libosxapp.dylib
0x0000000005949000 	/System/Library/Frameworks/ExceptionHandling.framework/Versions/A/ExceptionHandling
0x0000000005949000 	/System/Library/PrivateFrameworks/CoreServicesInternal.framework/Versions/A/CoreServicesInternal
0x0000000005949000 	/System/Library/Frameworks/CoreGraphics.framework/Versions/A/Resources/libRIP.A.dylib
0x0000000005949000 	/System/Library/Frameworks/Accelerate.framework/Versions/A/Frameworks/vImage.framework/Versions/A/Libraries/libCGInterfaces.dylib
0x0000000005949000 	/System/Library/PrivateFrameworks/FamilyControls.framework/Versions/A/FamilyControls
0x0000000005949000 	/System/Library/PrivateFrameworks/CommerceKit.framework/Versions/A/Frameworks/CommerceCore.framework/Versions/A/CommerceCore
0x0000000005949000 	/System/Library/PrivateFrameworks/SystemAdministration.framework/Versions/A/SystemAdministration
0x0000000005949000 	/System/Library/PrivateFrameworks/AppContainer.framework/Versions/A/AppContainer
0x0000000005949000 	/System/Library/PrivateFrameworks/SecCodeWrapper.framework/Versions/A/SecCodeWrapper
0x0000000005949000 	/System/Library/Frameworks/DirectoryService.framework/Versions/A/DirectoryService
0x0000000005949000 	/System/Library/PrivateFrameworks/DiskImages.framework/Versions/A/DiskImages
0x0000000005949000 	/System/Library/PrivateFrameworks/LoginUIKit.framework/Versions/A/Frameworks/LoginUICore.framework/Versions/A/LoginUICore
0x0000000005949000 	/usr/lib/libCoreStorage.dylib
0x0000000005949000 	/usr/lib/libcsfde.dylib
0x0000000005949000 	/usr/lib/libodfde.dylib
0x0000000005949000 	/System/Library/Frameworks/DiscRecording.framework/Versions/A/DiscRecording
0x0000000005949000 	/usr/lib/libcurl.4.dylib
0x0000000005949000 	/System/Library/PrivateFrameworks/MediaKit.framework/Versions/A/MediaKit
0x0000000005949000 	/System/Library/PrivateFrameworks/ProtectedCloudStorage.framework/Versions/A/ProtectedCloudStorage
0x0000000005949000 	/System/Library/PrivateFrameworks/EFILogin.framework/Versions/A/EFILogin
0x0000000005949000 	/usr/lib/libutil.dylib
0x0000000005949000 	/System/Library/PrivateFrameworks/FindMyDevice.framework/Versions/A/FindMyDevice
0x0000000005949000 	/System/Library/Frameworks/LDAP.framework/Versions/A/LDAP
0x0000000005949000 	/usr/lib/libsasl2.2.dylib
0x0000000005949000 	/System/Library/PrivateFrameworks/CoreDaemon.framework/Versions/B/CoreDaemon
0x0000000005949000 	/usr/lib/libcrypto.0.9.8.dylib
0x0000000005949000 	/System/Library/PrivateFrameworks/AppleSRP.framework/Versions/A/AppleSRP
0x0000000005949000 	/System/Library/PrivateFrameworks/TrustEvaluationAgent.framework/Versions/A/TrustEvaluationAgent
0x00000001238e2000 	/Library/Java/JavaVirtualMachines/jdk1.8.0_45.jdk/Contents/Home/jre/lib/libsunec.dylib
0x00000001237d6000 	/Library/Java/JavaVirtualMachines/jdk1.8.0_45.jdk/Contents/Home/jre/lib/libnet.dylib
0x00000001237b3000 	/Library/Java/JavaVirtualMachines/jdk1.8.0_45.jdk/Contents/Home/jre/lib/libnio.dylib
0x000000012506c000 	/Library/Java/JavaVirtualMachines/jdk1.8.0_45.jdk/Contents/Home/jre/lib/libfontmanager.dylib
0x0000000005949000 	/System/Library/Frameworks/OpenGL.framework/Versions/A/Resources/GLEngine.bundle/GLEngine
0x0000000005949000 	/System/Library/Frameworks/OpenGL.framework/Versions/A/Libraries/libGLProgrammability.dylib
0x000000012b5de000 	/System/Library/Extensions/AppleIntelBDWGraphicsGLDriver.bundle/Contents/MacOS/AppleIntelBDWGraphicsGLDriver
0x0000000005949000 	/System/Library/PrivateFrameworks/GPUSupport.framework/Versions/A/Libraries/libGPUSupportMercury.dylib
0x0000000005949000 	/System/Library/Frameworks/OpenGL.framework/Versions/A/Resources/GLRendererFloat.bundle/GLRendererFloat
0x0000000005949000 	/System/Library/Frameworks/OpenCL.framework/Versions/A/Libraries/libcldcpuengine.dylib
0x00000001237ff000 	/private/var/folders/7w/79mms3zd79bbx1657jj1yzvc0000gn/T/jna/jna7754808027343468922.tmp
0x000000012b016000 	/Users/roo/bin/clj_counterpoint/target/native/macosx/x86_64/libscsynth.dylib
0x0000000123a3e000 	/Library/Java/JavaVirtualMachines/jdk1.8.0_45.jdk/Contents/Home/jre/lib/libjsound.dylib
0x0000000123e23000 	/System/Library/Frameworks/CoreMIDI.framework/Versions/A/CoreMIDI
0x0000000123b44000 	/usr/lib/libexpat.1.dylib
0x0000000123814000 	/System/Library/Extensions/AppleHDA.kext/Contents/PlugIns/AppleHDAHALPlugIn.bundle/Contents/MacOS/AppleHDAHALPlugIn
0x00000001250d3000 	/Library/Audio/Plug-Ins/HAL/JackRouter.plugin/Contents/MacOS/JackRouter
0x0000000128668000 	/System/Library/Frameworks/Jackmp.framework/Versions/A/Jackmp
0x0000000123a51000 	/Library/Java/JavaVirtualMachines/jdk1.8.0_45.jdk/Contents/Home/jre/lib/libmanagement.dylib
0x000000012393f000 	/Users/roo/bin/clj_counterpoint/target/native/macosx/x86_64/AmbisonicUGens.scx
0x0000000123dd9000 	/Users/roo/bin/clj_counterpoint/target/native/macosx/x86_64/AtkUGens.scx
0x0000000123aee000 	/Users/roo/bin/clj_counterpoint/target/native/macosx/x86_64/AY_UGen.scx
0x0000000123af5000 	/Users/roo/bin/clj_counterpoint/target/native/macosx/x86_64/BatPVUgens.scx
0x0000000123a6e000 	/Users/roo/bin/clj_counterpoint/target/native/macosx/x86_64/BatUGens.scx
0x0000000123b67000 	/Users/roo/bin/clj_counterpoint/target/native/macosx/x86_64/BBCut2UGens.scx
0x0000000123e83000 	/Users/roo/bin/clj_counterpoint/target/native/macosx/x86_64/BerlachUGens.scx
0x0000000123df2000 	/Users/roo/bin/clj_counterpoint/target/native/macosx/x86_64/BetablockerUGens.scx
0x0000000123e94000 	/Users/roo/bin/clj_counterpoint/target/native/macosx/x86_64/BhobChaos.scx
0x00000001252a6000 	/Users/roo/bin/clj_counterpoint/target/native/macosx/x86_64/BhobFFT.scx
0x0000000125603000 	/Users/roo/bin/clj_counterpoint/target/native/macosx/x86_64/BhobFilt.scx
0x0000000123afd000 	/Users/roo/bin/clj_counterpoint/target/native/macosx/x86_64/BhobGrain.scx
0x0000000124520000 	/Users/roo/bin/clj_counterpoint/target/native/macosx/x86_64/BhobNoise.scx
0x000000012aa8e000 	/Users/roo/bin/clj_counterpoint/target/native/macosx/x86_64/BinaryOpUGens.scx
0x0000000123d93000 	/Users/roo/bin/clj_counterpoint/target/native/macosx/x86_64/BlackrainUGens.scx
0x00000001245b1000 	/Users/roo/bin/clj_counterpoint/target/native/macosx/x86_64/ChaosUGens.scx
0x0000000123e9f000 	/Users/roo/bin/clj_counterpoint/target/native/macosx/x86_64/Concat.scx
0x000000012aab7000 	/Users/roo/bin/clj_counterpoint/target/native/macosx/x86_64/DelayUGens.scx
0x000000012497c000 	/Users/roo/bin/clj_counterpoint/target/native/macosx/x86_64/DemandUGens.scx
0x000000012a76e000 	/Users/roo/bin/clj_counterpoint/target/native/macosx/x86_64/DiskIO_UGens.scx
0x0000000123961000 	/Users/roo/bin/clj_counterpoint/target/native/macosx/x86_64/DistortionUGens.scx
0x0000000124174000 	/Users/roo/bin/clj_counterpoint/target/native/macosx/x86_64/DynNoiseUGens.scx
0x000000012572f000 	/Users/roo/bin/clj_counterpoint/target/native/macosx/x86_64/FFT_UGens.scx
0x0000000125985000 	/Users/roo/bin/clj_counterpoint/target/native/macosx/x86_64/FilterUGens.scx
0x0000000124529000 	/Users/roo/bin/clj_counterpoint/target/native/macosx/x86_64/GendynUGens.scx
0x00000001245ba000 	/Users/roo/bin/clj_counterpoint/target/native/macosx/x86_64/GlitchUGens.scx
0x00000001285e9000 	/Users/roo/bin/clj_counterpoint/target/native/macosx/x86_64/GrainUGens.scx
0x0000000124b88000 	/Users/roo/bin/clj_counterpoint/target/native/macosx/x86_64/IOUGens.scx
0x000000012517e000 	/Users/roo/bin/clj_counterpoint/target/native/macosx/x86_64/JoshAmbiUGens.scx
0x0000000129e9c000 	/Users/roo/bin/clj_counterpoint/target/native/macosx/x86_64/JoshGrainUGens.scx
0x00000001289dd000 	/Users/roo/bin/clj_counterpoint/target/native/macosx/x86_64/JoshPVUGens.scx
0x0000000129c03000 	/Users/roo/bin/clj_counterpoint/target/native/macosx/x86_64/JoshUGens.scx
0x0000000124b90000 	/Users/roo/bin/clj_counterpoint/target/native/macosx/x86_64/KeyboardUGens.scx
0x0000000123dfa000 	/Users/roo/bin/clj_counterpoint/target/native/macosx/x86_64/LadspaUGen.scx
0x0000000129ec7000 	/Users/roo/bin/clj_counterpoint/target/native/macosx/x86_64/LFUGens.scx
0x0000000125136000 	/Users/roo/bin/clj_counterpoint/target/native/macosx/x86_64/LoopBuf.scx
0x0000000125255000 	/Users/roo/bin/clj_counterpoint/target/native/macosx/x86_64/MCLDBufferUGens.scx
0x0000000125487000 	/Users/roo/bin/clj_counterpoint/target/native/macosx/x86_64/MCLDCepstrumUGens.scx
0x000000012525a000 	/Users/roo/bin/clj_counterpoint/target/native/macosx/x86_64/MCLDChaosUGens.scx
0x0000000125260000 	/Users/roo/bin/clj_counterpoint/target/native/macosx/x86_64/MCLDDistortionUGens.scx
0x000000012a205000 	/Users/roo/bin/clj_counterpoint/target/native/macosx/x86_64/MCLDFFTUGens.scx
0x00000001252b9000 	/Users/roo/bin/clj_counterpoint/target/native/macosx/x86_64/MCLDFilterUGens.scx
0x0000000125615000 	/Users/roo/bin/clj_counterpoint/target/native/macosx/x86_64/MCLDGetenvUGen.scx
0x0000000125619000 	/Users/roo/bin/clj_counterpoint/target/native/macosx/x86_64/MCLDOscUGens.scx
0x000000012561d000 	/Users/roo/bin/clj_counterpoint/target/native/macosx/x86_64/MCLDPollUGens.scx
0x0000000125a06000 	/Users/roo/bin/clj_counterpoint/target/native/macosx/x86_64/MCLDSOMUGens.scx
0x0000000125683000 	/Users/roo/bin/clj_counterpoint/target/native/macosx/x86_64/MCLDTreeUGens.scx
0x000000012574f000 	/Users/roo/bin/clj_counterpoint/target/native/macosx/x86_64/MCLDTriggeredStatsUgens.scx
0x000000012c326000 	/Users/roo/bin/clj_counterpoint/target/native/macosx/x86_64/MdaUGens.scx
0x00000001259a1000 	/Users/roo/bin/clj_counterpoint/target/native/macosx/x86_64/MembraneUGens.scx
0x000000012a21a000 	/Users/roo/bin/clj_counterpoint/target/native/macosx/x86_64/ML_UGens.scx
0x0000000126080000 	/Users/roo/bin/clj_counterpoint/target/native/macosx/x86_64/MouseUGens.scx
0x000000012861e000 	/Users/roo/bin/clj_counterpoint/target/native/macosx/x86_64/MulAddUGens.scx
0x000000012a862000 	/Users/roo/bin/clj_counterpoint/target/native/macosx/x86_64/NCAnalysisUGens.scx
0x00000001286d1000 	/Users/roo/bin/clj_counterpoint/target/native/macosx/x86_64/NoiseUGens.scx
0x0000000129bb2000 	/Users/roo/bin/clj_counterpoint/target/native/macosx/x86_64/OscUGens.scx
0x0000000128c02000 	/Users/roo/bin/clj_counterpoint/target/native/macosx/x86_64/PanUGens.scx
0x00000001286d8000 	/Users/roo/bin/clj_counterpoint/target/native/macosx/x86_64/PhysicalModelingUGens.scx
0x00000001289fa000 	/Users/roo/bin/clj_counterpoint/target/native/macosx/x86_64/PitchDetection.scx
0x000000012aae2000 	/Users/roo/bin/clj_counterpoint/target/native/macosx/x86_64/PV_ThirdParty.scx
0x00000001292ce000 	/Users/roo/bin/clj_counterpoint/target/native/macosx/x86_64/ReverbUGens.scx
0x00000001292d6000 	/Users/roo/bin/clj_counterpoint/target/native/macosx/x86_64/RFWUGens.scx
0x0000000129f3d000 	/Users/roo/bin/clj_counterpoint/target/native/macosx/x86_64/RMEQSuite.scx
0x000000012a287000 	/Users/roo/bin/clj_counterpoint/target/native/macosx/x86_64/SLUGens.scx
0x000000012b11a000 	/Users/roo/bin/clj_counterpoint/target/native/macosx/x86_64/StkUGens.scx
0x000000012a24d000 	/Users/roo/bin/clj_counterpoint/target/native/macosx/x86_64/SummerUGens.scx
0x000000012a881000 	/Users/roo/bin/clj_counterpoint/target/native/macosx/x86_64/TagSystemUgens.scx
0x000000012a252000 	/Users/roo/bin/clj_counterpoint/target/native/macosx/x86_64/TestUGens.scx
0x000000012aaf6000 	/Users/roo/bin/clj_counterpoint/target/native/macosx/x86_64/TJUGens.scx
0x000000012ab00000 	/Users/roo/bin/clj_counterpoint/target/native/macosx/x86_64/TriggerUGens.scx
0x000000012ab0c000 	/Users/roo/bin/clj_counterpoint/target/native/macosx/x86_64/UnaryOpUGens.scx
0x000000012ab22000 	/Users/roo/bin/clj_counterpoint/target/native/macosx/x86_64/UnpackFFTUGens.scx
0x000000012a887000 	/Users/roo/bin/clj_counterpoint/target/native/macosx/x86_64/VBAP.scx
0x000000012ab2e000 	/Users/roo/bin/clj_counterpoint/target/native/macosx/x86_64/VOSIM.scx

VM Arguments:
jvm_args: -Dfile.encoding=UTF-8 -Dclojure.compile.path=/Users/roo/bin/clj_counterpoint/target/classes -Dclj_counterpoint.version=0.1.0-SNAPSHOT -Dclojure.debug=false -Djava.library.path=/Users/roo/bin/clj_counterpoint/target/native/macosx/x86_64 
java_command: clojure.main -i /private/var/folders/7w/79mms3zd79bbx1657jj1yzvc0000gn/T/form-init8778829846134767282.clj
java_class_path (initial): /Users/roo/bin/clj_counterpoint/test:/Users/roo/bin/clj_counterpoint/src:/Users/roo/bin/clj_counterpoint/dev-resources:/Users/roo/bin/clj_counterpoint/resources:/Users/roo/bin/clj_counterpoint/target/classes:/Users/roo/.m2/repository/org/tcrawley/dynapath/0.2.3/dynapath-0.2.3.jar:/Users/roo/.m2/repository/cider/cider-nrepl/0.9.1/cider-nrepl-0.9.1.jar:/Users/roo/.m2/repository/org/clojure/tools.nrepl/0.2.7/tools.nrepl-0.2.7.jar:/Users/roo/.m2/repository/overtone/scsynth-extras/3.5.7.0/scsynth-extras-3.5.7.0.jar:/Users/roo/.m2/repository/mud/mud/0.1.1-SNAPSHOT/mud-0.1.1-SNAPSHOT.jar:/Users/roo/.m2/repository/net/java/dev/jna/jna/3.4.0/jna-3.4.0.jar:/Users/roo/.m2/repository/clojure-complete/clojure-complete/0.2.3/clojure-complete-0.2.3.jar:/Users/roo/.m2/repository/overtone/at-at/1.2.0/at-at-1.2.0.jar:/Users/roo/.m2/repository/refactor-nrepl/refactor-nrepl/1.1.0/refactor-nrepl-1.1.0.jar:/Users/roo/.m2/repository/overtone/byte-spec/0.3.1/byte-spec-0.3.1.jar:/Users/roo/.m2/repository/overtone/overtone/0.10.1/overtone-0.10.1.jar:/Users/roo/.m2/repository/overtone/osc-clj/0.9.0/osc-clj-0.9.0.jar:/Users/roo/.m2/repository/org/clojure/math.numeric-tower/0.0.4/math.numeric-tower-0.0.4.jar:/Users/roo/.m2/repository/overtone/libs.handlers/0.2.0/libs.handlers-0.2.0.jar:/Users/roo/.m2/repository/org/clojure/clojure/1.7.0/clojure-1.7.0.jar:/Users/roo/.m2/repository/overtone/scsynth/3.5.7.0/scsynth-3.5.7.0.jar:/Users/roo/.m2/repository/commons-net/commons-net/3.0.1/commons-net-3.0.1.jar:/Users/roo/.m2/repository/javax/jmdns/jmdns/3.4.1/jmdns-3.4.1.jar:/Users/roo/.m2/repository/clj-glob/clj-glob/1.0.0/clj-glob-1.0.0.jar:/Users/roo/.m2/repository/overtone/midi-clj/0.5.0/midi-clj-0.5.0.jar:/Users/roo/.m2/repository/org/clojure/data.json/0.2.3/data.json-0.2.3.jar:/Users/roo/.m2/repository/clj-native/clj-native/0.9.3/clj-native-0.9.3.jar
Launcher Type: SUN_STANDARD

Environment Variables:
PATH=/usr/local/bin:/usr/bin:/bin:/usr/sbin:/sbin:/Applications/Emacs.app/Contents/MacOS/bin-x86_64-10_9:/Applications/Emacs.app/Contents/MacOS/libexec-x86_64-10_9
SHELL=/bin/bash
DISPLAY=roo.local

Signal Handlers:
SIGSEGV: [libjvm.dylib+0x58ef95], sa_mask[0]=11111111011111110111111111111111, sa_flags=SA_ONSTACK|SA_RESTART|SA_SIGINFO
SIGBUS: [libjvm.dylib+0x58ef95], sa_mask[0]=11111111011111110111111111111111, sa_flags=SA_RESTART|SA_SIGINFO
SIGFPE: [libjvm.dylib+0x46c108], sa_mask[0]=11111111011111110111111111111111, sa_flags=SA_RESTART|SA_SIGINFO
SIGPIPE: [libjvm.dylib+0x46c108], sa_mask[0]=11111111011111110111111111111111, sa_flags=SA_RESTART|SA_SIGINFO
SIGXFSZ: [libjvm.dylib+0x46c108], sa_mask[0]=11111111011111110111111111111111, sa_flags=SA_RESTART|SA_SIGINFO
SIGILL: [libjvm.dylib+0x46c108], sa_mask[0]=11111111011111110111111111111111, sa_flags=SA_RESTART|SA_SIGINFO
SIGUSR1: SIG_DFL, sa_mask[0]=11011111011111100000000111000110, sa_flags=none
SIGUSR2: [libjvm.dylib+0x46bc26], sa_mask[0]=00100000000000000000000000000000, sa_flags=SA_RESTART|SA_SIGINFO
SIGHUP: [libjvm.dylib+0x46a1f9], sa_mask[0]=11111111011111110111111111111111, sa_flags=SA_RESTART|SA_SIGINFO
SIGINT: [libjvm.dylib+0x46a1f9], sa_mask[0]=11111111011111110111111111111111, sa_flags=SA_RESTART|SA_SIGINFO
SIGTERM: [libjvm.dylib+0x46a1f9], sa_mask[0]=11111111011111110111111111111111, sa_flags=SA_RESTART|SA_SIGINFO
SIGQUIT: [libjvm.dylib+0x46a1f9], sa_mask[0]=11111111011111110111111111111111, sa_flags=SA_RESTART|SA_SIGINFO


---------------  S Y S T E M  ---------------

OS:Bsduname:Darwin 15.5.0 Darwin Kernel Version 15.5.0: Mon Apr  4 19:07:49 PDT 2016; root:xnu-3248.50.20~6/RELEASE_X86_64 x86_64
rlimit: STACK 8515k, CORE 0k, NPROC 709, NOFILE 10240, AS infinity
load average:2.19 2.63 2.36

CPU:total 4 (2 cores per cpu, 2 threads per core) family 6 model 61 stepping 4, cmov, cx8, fxsr, mmx, sse, sse2, sse3, ssse3, sse4.1, sse4.2, popcnt, avx, avx2, aes, clmul, erms, 3dnowpref, lzcnt, ht, tsc, tscinvbit, bmi1, bmi2, adx

Memory: 4k page, physical 8388608k(44560k free)

/proc/meminfo:


vm_info: Java HotSpot(TM) 64-Bit Server VM (25.45-b02) for bsd-amd64 JRE (1.8.0_45-b14), built on Apr 10 2015 10:46:38 by "java_re" with gcc 4.2.1 (Based on Apple Inc. build 5658) (LLVM build 2336.11.00)

time: Sun May  8 16:26:30 2016
elapsed time: 4486 seconds (0d 1h 14m 46s)

