#
# A fatal error has been detected by the Java Runtime Environment:
#
#  SIGSEGV (0xb) at pc=0x000000012cfacaa3, pid=10186, tid=81411
#
# JRE version: Java(TM) SE Runtime Environment (8.0_45-b14) (build 1.8.0_45-b14)
# Java VM: Java HotSpot(TM) 64-Bit Server VM (25.45-b02 mixed mode bsd-amd64 compressed oops)
# Problematic frame:
# C  [MdaUGens.scx+0x1aa3]  MdaPiano_next+0x663
#
# Failed to write core dump. Core dumps have been disabled. To enable core dumping, try "ulimit -c unlimited" before starting Java again
#
# If you would like to submit a bug report, please visit:
#   http://bugreport.java.com/bugreport/crash.jsp
#

---------------  T H R E A D  ---------------

Current thread is native thread

siginfo: si_signo: 11 (SIGSEGV), si_code: 1 (SEGV_MAPERR), si_addr: 0x000000012cda5596

Registers:
RAX=0x0000000000000010, RBX=0x0000000000000031, RCX=0x000000012cfad040, RDX=0x0000000000000000
RSP=0x000070000313ba50, RBP=0x000070000313bad0, RSI=0xffffffffffefc2ab, RDI=0x00000000ffffffff
R8 =0x000000012d61a9e0, R9 =0x00007fa30412f5e0, R10=0x00007fa30412f5e0, R11=0x0000000000000009
R12=0x00007fa3054a6bc0, R13=0x000000012d61acb4, R14=0x000000012d61ae2c, R15=0x00007fa3054a6ac0
RIP=0x000000012cfacaa3, EFLAGS=0x0000000000010286, ERR=0x0000000000000004
  TRAPNO=0x000000000000000e

Top of Stack: (sp=0x000070000313ba50)
0x000070000313ba50:   000000000000012b 000000012cfac9d3
0x000070000313ba60:   3c03126f0000005c 3e4ccccd3f4ccccd
0x000070000313ba70:   00000040c91e663a 3fbbf4883f800000
0x000070000313ba80:   000000013f4ccccd 404cccce3f800000
0x000070000313ba90:   00007fa30901da18 000000012d61b280
0x000070000313baa0:   000000013d23d70b 0000000000000001
0x000070000313bab0:   000000012d61a9a0 0000000000000001
0x000070000313bac0:   0000000000000000 000000012d61a968
0x000070000313bad0:   dada1ffe138a763f 000000012b46fd01
0x000070000313bae0:   0000000000000000 4530000000000000
0x000070000313baf0:   4330000000000000 0000000000006b50
0x000070000313bb00:   00007fa309100ca0 000000012b473907
0x000070000313bb10:   000000012d609680 000000012b473907
0x000070000313bb20:   0000000000000000 000000012b473907
0x000070000313bb30:   000000012d5fc280 000000012b473907
0x000070000313bb40:   000000012d5fc500 000000012b473907
0x000070000313bb50:   0000000000000000 000000012b473907
0x000070000313bb60:   00007fa301630200 000000012b46eef1
0x000070000313bb70:   0000c053b3811fe5 0101000000000000
0x000070000313bb80:   00000000005f1be4 0000000809fc0a00
0x000070000313bb90:   00007fa309100c70 0000004000000000
0x000070000313bba0:   dada1ffe1448ae07 2525e001ec166ddd
0x000070000313bbb0:   fffffff700000000 0000000000000040
0x000070000313bbc0:   000000012506e0e0 3ee5888000000000
0x000070000313bbd0:   0000000000000200 0000000000000200
0x000070000313bbe0:   0000000100000001 2525e001ec7589c1
0x000070000313bbf0:   dada1ffe13e99223 42685ed100000000
0x000070000313bc00:   00000008fffffff7 0000000000000040
0x000070000313bc10:   00007fa306f1b0b0 0000000125056000
0x000070000313bc20:   00007fa30901d9a0 00000001231d2000
0x000070000313bc30:   0000000000000000 0000000000000100
0x000070000313bc40:   0000000000000100 0000000000000008 

Instructions: (pc=0x000000012cfacaa3)
0x000000012cfaca83:   75 7c 0f b7 d2 41 89 55 78 41 3b b5 80 00 00 00
0x000000012cfaca93:   7e 0b 41 2b b5 84 00 00 00 41 89 75 7c 48 63 f6
0x000000012cfacaa3:   0f bf 3c 71 ff c6 48 63 f6 0f bf 34 71 29 fe 0f
0x000000012cfacab3:   af f2 c1 fe 10 01 fe f3 0f 2a d6 f3 41 0f 10 9d 

Register to memory mapping:

RAX=0x0000000000000010 is an unknown value
RBX=0x0000000000000031 is an unknown value
RCX=0x000000012cfad040: pianoData+0 in /Users/roo/bin/clj_counterpoint/target/native/macosx/x86_64/MdaUGens.scx at 0x000000012cfab000
RDX=0x0000000000000000 is an unknown value
RSP=0x000070000313ba50 is an unknown value
RBP=0x000070000313bad0 is an unknown value
RSI=0xffffffffffefc2ab is an unknown value
RDI=0x00000000ffffffff is an unknown value
R8 =0x000000012d61a9e0 is an unknown value
R9 =0x00007fa30412f5e0 is an unknown value
R10=0x00007fa30412f5e0 is an unknown value
R11=0x0000000000000009 is an unknown value
R12=0x00007fa3054a6bc0 is an unknown value
R13=0x000000012d61acb4 is an unknown value
R14=0x000000012d61ae2c is an unknown value
R15=0x00007fa3054a6ac0 is an unknown value


Stack: [0x00007000030bc000,0x000070000313c000],  sp=0x000070000313ba50,  free space=510k
Native frames: (J=compiled Java code, j=interpreted, Vv=VM code, C=native code)
C  [MdaUGens.scx+0x1aa3]  MdaPiano_next+0x663


---------------  P R O C E S S  ---------------

VM state:not at safepoint (normal execution)

VM Mutex/Monitor currently owned by a thread: None

Heap:
 PSYoungGen      total 648192K, used 413675K [0x0000000795580000, 0x00000007c0000000, 0x00000007c0000000)
  eden space 621056K, 62% used [0x0000000795580000,0x00000007acf5ae80,0x00000007bb400000)
  from space 27136K, 98% used [0x00000007bb400000,0x00000007bce20020,0x00000007bce80000)
  to   space 40448K, 0% used [0x00000007bd880000,0x00000007bd880000,0x00000007c0000000)
 ParOldGen       total 194048K, used 70659K [0x0000000740000000, 0x000000074bd80000, 0x0000000795580000)
  object space 194048K, 36% used [0x0000000740000000,0x0000000744500de0,0x000000074bd80000)
 Metaspace       used 91424K, capacity 122998K, committed 123136K, reserved 1138688K
  class space    used 23417K, capacity 33759K, committed 33792K, reserved 1048576K

Card table byte_map: [0x000000011af29000,0x000000011b32a000] byte_map_base: 0x0000000117529000

Marking Bits: (ParMarkBitMap*) 0x000000010b4c27a0
 Begin Bits: [0x000000011b5d5000, 0x000000011d5d5000)
 End Bits:   [0x000000011d5d5000, 0x000000011f5d5000)

Polling page: 0x000000010a265000

CodeCache: size=245760Kb used=25458Kb max_used=26225Kb free=220301Kb
 bounds [0x000000010bb69000, 0x000000010d549000, 0x000000011ab69000]
 total_blobs=7288 nmethods=6715 adapters=485
 compilation: enabled

Compilation events (10 events):
Event: 94.154 Thread 0x00007fa301834800 9227       3       sun.nio.cs.UTF_8::newDecoder (10 bytes)
Event: 94.154 Thread 0x00007fa301834800 nmethod 9227 0x000000010be2add0 code [0x000000010be2af80, 0x000000010be2b2a8]
Event: 94.183 Thread 0x00007fa301834800 9229   !   3       sun.nio.ch.KQueueSelectorImpl::updateSelectedKeys (265 bytes)
Event: 94.185 Thread 0x00007fa301834800 nmethod 9229 0x000000010c2ed490 code [0x000000010c2ed700, 0x000000010c2ee7c8]
Event: 94.187 Thread 0x00007fa301834800 9228       3       java.nio.channels.spi.AbstractSelector::end (5 bytes)
Event: 94.188 Thread 0x00007fa301834800 nmethod 9228 0x000000010c1d8bd0 code [0x000000010c1d8d60, 0x000000010c1d92f0]
Event: 94.446 Thread 0x00007fa301834800 9230       3       clojure.lang.Compiler::resolveIn (281 bytes)
Event: 94.453 Thread 0x00007fa301834800 nmethod 9230 0x000000010c3fb690 code [0x000000010c3fbd60, 0x000000010c400de8]
Event: 94.453 Thread 0x00007fa301834800 9231       3       clojure.lang.Compiler::getMatchingParams (404 bytes)
Event: 94.458 Thread 0x00007fa301834800 nmethod 9231 0x000000010c0fa090 code [0x000000010c0fa620, 0x000000010c0fdeb8]

GC Heap History (10 events):
Event: 45.208 GC heap before
{Heap before GC invocations=21 (full 4):
 PSYoungGen      total 659456K, used 625152K [0x0000000795580000, 0x00000007c0000000, 0x00000007c0000000)
  eden space 625152K, 100% used [0x0000000795580000,0x00000007bb800000,0x00000007bb800000)
  from space 34304K, 0% used [0x00000007bde80000,0x00000007bde80000,0x00000007c0000000)
  to   space 36864K, 0% used [0x00000007bb800000,0x00000007bb800000,0x00000007bdc00000)
 ParOldGen       total 194048K, used 70619K [0x0000000740000000, 0x000000074bd80000, 0x0000000795580000)
  object space 194048K, 36% used [0x0000000740000000,0x00000007444f6de0,0x000000074bd80000)
 Metaspace       used 77852K, capacity 99192K, committed 99328K, reserved 1122304K
  class space    used 19490K, capacity 26555K, committed 26624K, reserved 1048576K
Event: 45.213 GC heap after
Heap after GC invocations=21 (full 4):
 PSYoungGen      total 662016K, used 3222K [0x0000000795580000, 0x00000007c0000000, 0x00000007c0000000)
  eden space 625152K, 0% used [0x0000000795580000,0x0000000795580000,0x00000007bb800000)
  from space 36864K, 8% used [0x00000007bb800000,0x00000007bbb25910,0x00000007bdc00000)
  to   space 36864K, 0% used [0x00000007bdc00000,0x00000007bdc00000,0x00000007c0000000)
 ParOldGen       total 194048K, used 70627K [0x0000000740000000, 0x000000074bd80000, 0x0000000795580000)
  object space 194048K, 36% used [0x0000000740000000,0x00000007444f8de0,0x000000074bd80000)
 Metaspace       used 77852K, capacity 99192K, committed 99328K, reserved 1122304K
  class space    used 19490K, capacity 26555K, committed 26624K, reserved 1048576K
}
Event: 48.366 GC heap before
{Heap before GC invocations=22 (full 4):
 PSYoungGen      total 662016K, used 628374K [0x0000000795580000, 0x00000007c0000000, 0x00000007c0000000)
  eden space 625152K, 100% used [0x0000000795580000,0x00000007bb800000,0x00000007bb800000)
  from space 36864K, 8% used [0x00000007bb800000,0x00000007bbb25910,0x00000007bdc00000)
  to   space 36864K, 0% used [0x00000007bdc00000,0x00000007bdc00000,0x00000007c0000000)
 ParOldGen       total 194048K, used 70627K [0x0000000740000000, 0x000000074bd80000, 0x0000000795580000)
  object space 194048K, 36% used [0x0000000740000000,0x00000007444f8de0,0x000000074bd80000)
 Metaspace       used 82098K, capacity 105802K, committed 105856K, reserved 1126400K
  class space    used 20746K, capacity 28505K, committed 28544K, reserved 1048576K
Event: 48.400 GC heap after
Heap after GC invocations=22 (full 4):
 PSYoungGen      total 657920K, used 12423K [0x0000000795580000, 0x00000007bfc00000, 0x00000007c0000000)
  eden space 625152K, 0% used [0x0000000795580000,0x0000000795580000,0x00000007bb800000)
  from space 32768K, 37% used [0x00000007bdc00000,0x00000007be821fd0,0x00000007bfc00000)
  to   space 34816K, 0% used [0x00000007bb800000,0x00000007bb800000,0x00000007bda00000)
 ParOldGen       total 194048K, used 70635K [0x0000000740000000, 0x000000074bd80000, 0x0000000795580000)
  object space 194048K, 36% used [0x0000000740000000,0x00000007444fade0,0x000000074bd80000)
 Metaspace       used 82098K, capacity 105802K, committed 105856K, reserved 1126400K
  class space    used 20746K, capacity 28505K, committed 28544K, reserved 1048576K
}
Event: 53.616 GC heap before
{Heap before GC invocations=23 (full 4):
 PSYoungGen      total 657920K, used 637575K [0x0000000795580000, 0x00000007bfc00000, 0x00000007c0000000)
  eden space 625152K, 100% used [0x0000000795580000,0x00000007bb800000,0x00000007bb800000)
  from space 32768K, 37% used [0x00000007bdc00000,0x00000007be821fd0,0x00000007bfc00000)
  to   space 34816K, 0% used [0x00000007bb800000,0x00000007bb800000,0x00000007bda00000)
 ParOldGen       total 194048K, used 70635K [0x0000000740000000, 0x000000074bd80000, 0x0000000795580000)
  object space 194048K, 36% used [0x0000000740000000,0x00000007444fade0,0x000000074bd80000)
 Metaspace       used 88775K, capacity 117648K, committed 117760K, reserved 1134592K
  class space    used 22715K, capacity 31889K, committed 32000K, reserved 1048576K
Event: 53.664 GC heap after
Heap after GC invocations=23 (full 4):
 PSYoungGen      total 659968K, used 24361K [0x0000000795580000, 0x00000007c0000000, 0x00000007c0000000)
  eden space 625152K, 0% used [0x0000000795580000,0x0000000795580000,0x00000007bb800000)
  from space 34816K, 69% used [0x00000007bb800000,0x00000007bcfca5e8,0x00000007bda00000)
  to   space 36864K, 0% used [0x00000007bdc00000,0x00000007bdc00000,0x00000007c0000000)
 ParOldGen       total 194048K, used 70643K [0x0000000740000000, 0x000000074bd80000, 0x0000000795580000)
  object space 194048K, 36% used [0x0000000740000000,0x00000007444fcde0,0x000000074bd80000)
 Metaspace       used 88775K, capacity 117648K, committed 117760K, reserved 1134592K
  class space    used 22715K, capacity 31889K, committed 32000K, reserved 1048576K
}
Event: 57.535 GC heap before
{Heap before GC invocations=24 (full 4):
 PSYoungGen      total 659968K, used 649513K [0x0000000795580000, 0x00000007c0000000, 0x00000007c0000000)
  eden space 625152K, 100% used [0x0000000795580000,0x00000007bb800000,0x00000007bb800000)
  from space 34816K, 69% used [0x00000007bb800000,0x00000007bcfca5e8,0x00000007bda00000)
  to   space 36864K, 0% used [0x00000007bdc00000,0x00000007bdc00000,0x00000007c0000000)
 ParOldGen       total 194048K, used 70643K [0x0000000740000000, 0x000000074bd80000, 0x0000000795580000)
  object space 194048K, 36% used [0x0000000740000000,0x00000007444fcde0,0x000000074bd80000)
 Metaspace       used 91313K, capacity 122714K, committed 122880K, reserved 1138688K
  class space    used 23408K, capacity 33719K, committed 33792K, reserved 1048576K
Event: 57.577 GC heap after
Heap after GC invocations=24 (full 4):
 PSYoungGen      total 657920K, used 26864K [0x0000000795580000, 0x00000007c0000000, 0x00000007c0000000)
  eden space 621056K, 0% used [0x0000000795580000,0x0000000795580000,0x00000007bb400000)
  from space 36864K, 72% used [0x00000007bdc00000,0x00000007bf63c030,0x00000007c0000000)
  to   space 38912K, 0% used [0x00000007bb400000,0x00000007bb400000,0x00000007bda00000)
 ParOldGen       total 194048K, used 70651K [0x0000000740000000, 0x000000074bd80000, 0x0000000795580000)
  object space 194048K, 36% used [0x0000000740000000,0x00000007444fede0,0x000000074bd80000)
 Metaspace       used 91313K, capacity 122714K, committed 122880K, reserved 1138688K
  class space    used 23408K, capacity 33719K, committed 33792K, reserved 1048576K
}
Event: 80.361 GC heap before
{Heap before GC invocations=25 (full 4):
 PSYoungGen      total 657920K, used 647920K [0x0000000795580000, 0x00000007c0000000, 0x00000007c0000000)
  eden space 621056K, 100% used [0x0000000795580000,0x00000007bb400000,0x00000007bb400000)
  from space 36864K, 72% used [0x00000007bdc00000,0x00000007bf63c030,0x00000007c0000000)
  to   space 38912K, 0% used [0x00000007bb400000,0x00000007bb400000,0x00000007bda00000)
 ParOldGen       total 194048K, used 70651K [0x0000000740000000, 0x000000074bd80000, 0x0000000795580000)
  object space 194048K, 36% used [0x0000000740000000,0x00000007444fede0,0x000000074bd80000)
 Metaspace       used 91367K, capacity 122742K, committed 122880K, reserved 1138688K
  class space    used 23408K, capacity 33719K, committed 33792K, reserved 1048576K
Event: 80.408 GC heap after
Heap after GC invocations=25 (full 4):
 PSYoungGen      total 648192K, used 26752K [0x0000000795580000, 0x00000007c0000000, 0x00000007c0000000)
  eden space 621056K, 0% used [0x0000000795580000,0x0000000795580000,0x00000007bb400000)
  from space 27136K, 98% used [0x00000007bb400000,0x00000007bce20020,0x00000007bce80000)
  to   space 40448K, 0% used [0x00000007bd880000,0x00000007bd880000,0x00000007c0000000)
 ParOldGen       total 194048K, used 70659K [0x0000000740000000, 0x000000074bd80000, 0x0000000795580000)
  object space 194048K, 36% used [0x0000000740000000,0x0000000744500de0,0x000000074bd80000)
 Metaspace       used 91367K, capacity 122742K, committed 122880K, reserved 1138688K
  class space    used 23408K, capacity 33719K, committed 33792K, reserved 1048576K
}

Deoptimization events (10 events):
Event: 56.583 Thread 0x00007fa302975800 Uncommon trap: reason=class_check action=maybe_recompile pc=0x000000010cbc0ee0 method=java.lang.Throwable.<init>(Ljava/lang/String;Ljava/lang/Throwable;)V @ 24
Event: 56.602 Thread 0x00007fa302a83800 Uncommon trap: reason=bimorphic action=maybe_recompile pc=0x000000010c06e6f8 method=clojure.core$set.invoke(Ljava/lang/Object;)Ljava/lang/Object; @ 95
Event: 56.607 Thread 0x00007fa302a83800 Uncommon trap: reason=bimorphic action=maybe_recompile pc=0x000000010c06e6f8 method=clojure.core$set.invoke(Ljava/lang/Object;)Ljava/lang/Object; @ 95
Event: 56.607 Thread 0x00007fa302a83800 Uncommon trap: reason=bimorphic action=maybe_recompile pc=0x000000010c06e6f8 method=clojure.core$set.invoke(Ljava/lang/Object;)Ljava/lang/Object; @ 95
Event: 56.608 Thread 0x00007fa302a83800 Uncommon trap: reason=bimorphic action=maybe_recompile pc=0x000000010c06e6f8 method=clojure.core$set.invoke(Ljava/lang/Object;)Ljava/lang/Object; @ 95
Event: 56.653 Thread 0x00007fa302b91000 Uncommon trap: reason=bimorphic action=maybe_recompile pc=0x000000010d50d0d4 method=clojure.lang.RestFn.invoke(Ljava/lang/Object;Ljava/lang/Object;Ljava/lang/Object;Ljava/lang/Object;Ljava/lang/Object;)Ljava/lang/Object; @ 169
Event: 56.665 Thread 0x00007fa306027000 Uncommon trap: reason=bimorphic action=maybe_recompile pc=0x000000010d50d0d4 method=clojure.lang.RestFn.invoke(Ljava/lang/Object;Ljava/lang/Object;Ljava/lang/Object;Ljava/lang/Object;Ljava/lang/Object;)Ljava/lang/Object; @ 169
Event: 80.411 Thread 0x00007fa302975800 Uncommon trap: reason=bimorphic action=maybe_recompile pc=0x000000010cfdb9b0 method=clojure.core.protocols$fn__6452$G__6447__6465.invoke(Ljava/lang/Object;Ljava/lang/Object;Ljava/lang/Object;)Ljava/lang/Object; @ 102
Event: 80.416 Thread 0x00007fa302975800 Uncommon trap: reason=class_check action=maybe_recompile pc=0x000000010cbc0ee0 method=java.lang.Throwable.<init>(Ljava/lang/String;Ljava/lang/Throwable;)V @ 24
Event: 94.462 Thread 0x00007fa302975800 Uncommon trap: reason=unstable_if action=reinterpret pc=0x000000010d43ddc0 method=clojure.lang.PersistentVector$ChunkedSeq.chunkedMore()Lclojure/lang/ISeq; @ 6

Internal exceptions (10 events):
Event: 74.062 Thread 0x00007fa302a83800 Exception <a 'java/lang/ClassNotFoundException': > (0x00000007b0ba7ab8) thrown at [/Users/java_re/workspace/8-2-build-macosx-x86_64/jdk8u45/3457/hotspot/src/share/vm/prims/jni.cpp, line 735]
Event: 74.063 Thread 0x00007fa302a83800 Exception <a 'java/lang/ClassNotFoundException': > (0x00000007b0ba8600) thrown at [/Users/java_re/workspace/8-2-build-macosx-x86_64/jdk8u45/3457/hotspot/src/share/vm/prims/jni.cpp, line 735]
Event: 74.063 Thread 0x00007fa302a83800 Exception <a 'java/lang/ClassNotFoundException': > (0x00000007b0ba93b8) thrown at [/Users/java_re/workspace/8-2-build-macosx-x86_64/jdk8u45/3457/hotspot/src/share/vm/prims/jni.cpp, line 735]
Event: 74.063 Thread 0x00007fa302a83800 Exception <a 'java/lang/ClassNotFoundException': > (0x00000007b0ba9df0) thrown at [/Users/java_re/workspace/8-2-build-macosx-x86_64/jdk8u45/3457/hotspot/src/share/vm/prims/jni.cpp, line 735]
Event: 74.063 Thread 0x00007fa302a83800 Exception <a 'java/lang/ClassNotFoundException': > (0x00000007b0baaa98) thrown at [/Users/java_re/workspace/8-2-build-macosx-x86_64/jdk8u45/3457/hotspot/src/share/vm/prims/jni.cpp, line 735]
Event: 74.063 Thread 0x00007fa302a83800 Exception <a 'java/lang/ClassNotFoundException': > (0x00000007b0bab370) thrown at [/Users/java_re/workspace/8-2-build-macosx-x86_64/jdk8u45/3457/hotspot/src/share/vm/prims/jni.cpp, line 735]
Event: 74.063 Thread 0x00007fa302a83800 Exception <a 'java/lang/ClassNotFoundException': > (0x00000007b0babc48) thrown at [/Users/java_re/workspace/8-2-build-macosx-x86_64/jdk8u45/3457/hotspot/src/share/vm/prims/jni.cpp, line 735]
Event: 74.063 Thread 0x00007fa302a83800 Exception <a 'java/lang/ClassNotFoundException': > (0x00000007b0bac8c8) thrown at [/Users/java_re/workspace/8-2-build-macosx-x86_64/jdk8u45/3457/hotspot/src/share/vm/prims/jni.cpp, line 735]
Event: 74.063 Thread 0x00007fa302a83800 Exception <a 'java/lang/ClassNotFoundException': > (0x00000007b0bad410) thrown at [/Users/java_re/workspace/8-2-build-macosx-x86_64/jdk8u45/3457/hotspot/src/share/vm/prims/jni.cpp, line 735]
Event: 74.557 Thread 0x00007fa302a83800 Exception <a 'java/lang/NullPointerException'> (0x00000007b0bcb250) thrown at [/Users/java_re/workspace/8-2-build-macosx-x86_64/jdk8u45/3457/hotspot/src/share/vm/interpreter/linkResolver.cpp, line 1178]

Events (10 events):
Event: 94.412 Thread 0x00007fa305074800 Thread exited: 0x00007fa305074800
Event: 94.419 Thread 0x00007fa306417000 Thread added: 0x00007fa306417000
Event: 94.420 Thread 0x00007fa306417000 Thread exited: 0x00007fa306417000
Event: 94.431 Thread 0x00007fa306417000 Thread added: 0x00007fa306417000
Event: 94.432 Thread 0x00007fa306417000 Thread exited: 0x00007fa306417000
Event: 94.443 Thread 0x00007fa301622000 Thread added: 0x00007fa301622000
Event: 94.443 Thread 0x00007fa301622000 Thread exited: 0x00007fa301622000
Event: 94.462 Thread 0x00007fa302975800 Uncommon trap: trap_request=0xffffff65 fr.pc=0x000000010d43ddc0
Event: 94.462 Thread 0x00007fa302975800 DEOPT PACKING pc=0x000000010d43ddc0 sp=0x0000700001450570
Event: 94.463 Thread 0x00007fa302975800 DEOPT UNPACKING pc=0x000000010bb6e229 sp=0x0000700001450538 mode 2


Dynamic libraries:
0x0000000005949000 	/System/Library/Frameworks/Cocoa.framework/Versions/A/Cocoa
0x0000000005949000 	/System/Library/Frameworks/Security.framework/Versions/A/Security
0x0000000005949000 	/System/Library/Frameworks/ApplicationServices.framework/Versions/A/ApplicationServices
0x0000000005949000 	/usr/lib/libz.1.dylib
0x0000000005949000 	/usr/lib/libSystem.B.dylib
0x0000000005949000 	/usr/lib/libobjc.A.dylib
0x0000000005949000 	/System/Library/Frameworks/CoreFoundation.framework/Versions/A/CoreFoundation
0x0000000005949000 	/System/Library/Frameworks/Foundation.framework/Versions/C/Foundation
0x0000000005949000 	/System/Library/Frameworks/AppKit.framework/Versions/C/AppKit
0x0000000005949000 	/System/Library/Frameworks/CoreData.framework/Versions/A/CoreData
0x0000000005949000 	/System/Library/PrivateFrameworks/RemoteViewServices.framework/Versions/A/RemoteViewServices
0x0000000005949000 	/System/Library/PrivateFrameworks/UIFoundation.framework/Versions/A/UIFoundation
0x0000000005949000 	/usr/lib/libScreenReader.dylib
0x0000000005949000 	/System/Library/Frameworks/Accelerate.framework/Versions/A/Accelerate
0x0000000005949000 	/System/Library/Frameworks/IOSurface.framework/Versions/A/IOSurface
0x0000000005949000 	/System/Library/Frameworks/AudioToolbox.framework/Versions/A/AudioToolbox
0x0000000005949000 	/System/Library/Frameworks/AudioUnit.framework/Versions/A/AudioUnit
0x0000000005949000 	/System/Library/PrivateFrameworks/DataDetectorsCore.framework/Versions/A/DataDetectorsCore
0x0000000005949000 	/System/Library/PrivateFrameworks/DesktopServicesPriv.framework/Versions/A/DesktopServicesPriv
0x0000000005949000 	/System/Library/Frameworks/Carbon.framework/Versions/A/Frameworks/HIToolbox.framework/Versions/A/HIToolbox
0x0000000005949000 	/System/Library/Frameworks/QuartzCore.framework/Versions/A/QuartzCore
0x0000000005949000 	/System/Library/Frameworks/Carbon.framework/Versions/A/Frameworks/SpeechRecognition.framework/Versions/A/SpeechRecognition
0x0000000005949000 	/usr/lib/libauto.dylib
0x0000000005949000 	/usr/lib/libicucore.A.dylib
0x0000000005949000 	/usr/lib/libxml2.2.dylib
0x0000000005949000 	/System/Library/PrivateFrameworks/CoreUI.framework/Versions/A/CoreUI
0x0000000005949000 	/System/Library/Frameworks/CoreAudio.framework/Versions/A/CoreAudio
0x0000000005949000 	/System/Library/Frameworks/DiskArbitration.framework/Versions/A/DiskArbitration
0x0000000005949000 	/usr/lib/liblangid.dylib
0x0000000005949000 	/System/Library/PrivateFrameworks/MultitouchSupport.framework/Versions/A/MultitouchSupport
0x0000000005949000 	/System/Library/Frameworks/IOKit.framework/Versions/A/IOKit
0x0000000005949000 	/usr/lib/libDiagnosticMessagesClient.dylib
0x0000000005949000 	/System/Library/Frameworks/CoreServices.framework/Versions/A/CoreServices
0x0000000005949000 	/System/Library/PrivateFrameworks/PerformanceAnalysis.framework/Versions/A/PerformanceAnalysis
0x0000000005949000 	/System/Library/PrivateFrameworks/GenerationalStorage.framework/Versions/A/GenerationalStorage
0x0000000005949000 	/System/Library/Frameworks/OpenGL.framework/Versions/A/OpenGL
0x0000000005949000 	/System/Library/PrivateFrameworks/Sharing.framework/Versions/A/Sharing
0x0000000005949000 	/System/Library/Frameworks/CoreGraphics.framework/Versions/A/CoreGraphics
0x0000000005949000 	/System/Library/Frameworks/CoreImage.framework/Versions/A/CoreImage
0x0000000005949000 	/System/Library/Frameworks/CoreText.framework/Versions/A/CoreText
0x0000000005949000 	/System/Library/Frameworks/ImageIO.framework/Versions/A/ImageIO
0x0000000005949000 	/System/Library/PrivateFrameworks/Backup.framework/Versions/A/Backup
0x0000000005949000 	/usr/lib/libextension.dylib
0x0000000005949000 	/usr/lib/libarchive.2.dylib
0x0000000005949000 	/System/Library/Frameworks/CFNetwork.framework/Versions/A/CFNetwork
0x0000000005949000 	/System/Library/Frameworks/SystemConfiguration.framework/Versions/A/SystemConfiguration
0x0000000005949000 	/usr/lib/libCRFSuite.dylib
0x0000000005949000 	/usr/lib/libc++.1.dylib
0x0000000005949000 	/usr/lib/libc++abi.dylib
0x0000000005949000 	/usr/lib/system/libcache.dylib
0x0000000005949000 	/usr/lib/system/libcommonCrypto.dylib
0x0000000005949000 	/usr/lib/system/libcompiler_rt.dylib
0x0000000005949000 	/usr/lib/system/libcopyfile.dylib
0x0000000005949000 	/usr/lib/system/libcorecrypto.dylib
0x0000000005949000 	/usr/lib/system/libdispatch.dylib
0x0000000005949000 	/usr/lib/system/libdyld.dylib
0x0000000005949000 	/usr/lib/system/libkeymgr.dylib
0x0000000005949000 	/usr/lib/system/liblaunch.dylib
0x0000000005949000 	/usr/lib/system/libmacho.dylib
0x0000000005949000 	/usr/lib/system/libquarantine.dylib
0x0000000005949000 	/usr/lib/system/libremovefile.dylib
0x0000000005949000 	/usr/lib/system/libsystem_asl.dylib
0x0000000005949000 	/usr/lib/system/libsystem_blocks.dylib
0x0000000005949000 	/usr/lib/system/libsystem_c.dylib
0x0000000005949000 	/usr/lib/system/libsystem_configuration.dylib
0x0000000005949000 	/usr/lib/system/libsystem_coreservices.dylib
0x0000000005949000 	/usr/lib/system/libsystem_coretls.dylib
0x0000000005949000 	/usr/lib/system/libsystem_dnssd.dylib
0x0000000005949000 	/usr/lib/system/libsystem_info.dylib
0x0000000005949000 	/usr/lib/system/libsystem_kernel.dylib
0x0000000005949000 	/usr/lib/system/libsystem_m.dylib
0x0000000005949000 	/usr/lib/system/libsystem_malloc.dylib
0x0000000005949000 	/usr/lib/system/libsystem_network.dylib
0x0000000005949000 	/usr/lib/system/libsystem_networkextension.dylib
0x0000000005949000 	/usr/lib/system/libsystem_notify.dylib
0x0000000005949000 	/usr/lib/system/libsystem_platform.dylib
0x0000000005949000 	/usr/lib/system/libsystem_pthread.dylib
0x0000000005949000 	/usr/lib/system/libsystem_sandbox.dylib
0x0000000005949000 	/usr/lib/system/libsystem_secinit.dylib
0x0000000005949000 	/usr/lib/system/libsystem_trace.dylib
0x0000000005949000 	/usr/lib/system/libunc.dylib
0x0000000005949000 	/usr/lib/system/libunwind.dylib
0x0000000005949000 	/usr/lib/system/libxpc.dylib
0x0000000005949000 	/usr/lib/libenergytrace.dylib
0x0000000005949000 	/usr/lib/libbsm.0.dylib
0x0000000005949000 	/usr/lib/system/libkxld.dylib
0x0000000005949000 	/usr/lib/libxar.1.dylib
0x0000000005949000 	/usr/lib/libsqlite3.dylib
0x0000000005949000 	/usr/lib/libpam.2.dylib
0x0000000005949000 	/usr/lib/libOpenScriptingUtil.dylib
0x0000000005949000 	/usr/lib/libbz2.1.0.dylib
0x0000000005949000 	/usr/lib/liblzma.5.dylib
0x0000000005949000 	/System/Library/Frameworks/CoreServices.framework/Versions/A/Frameworks/FSEvents.framework/Versions/A/FSEvents
0x0000000005949000 	/System/Library/Frameworks/CoreServices.framework/Versions/A/Frameworks/CarbonCore.framework/Versions/A/CarbonCore
0x0000000005949000 	/System/Library/Frameworks/CoreServices.framework/Versions/A/Frameworks/Metadata.framework/Versions/A/Metadata
0x0000000005949000 	/System/Library/Frameworks/CoreServices.framework/Versions/A/Frameworks/OSServices.framework/Versions/A/OSServices
0x0000000005949000 	/System/Library/Frameworks/CoreServices.framework/Versions/A/Frameworks/SearchKit.framework/Versions/A/SearchKit
0x0000000005949000 	/System/Library/Frameworks/CoreServices.framework/Versions/A/Frameworks/AE.framework/Versions/A/AE
0x0000000005949000 	/System/Library/Frameworks/CoreServices.framework/Versions/A/Frameworks/LaunchServices.framework/Versions/A/LaunchServices
0x0000000005949000 	/System/Library/Frameworks/CoreServices.framework/Versions/A/Frameworks/DictionaryServices.framework/Versions/A/DictionaryServices
0x0000000005949000 	/System/Library/Frameworks/CoreServices.framework/Versions/A/Frameworks/SharedFileList.framework/Versions/A/SharedFileList
0x0000000005949000 	/System/Library/Frameworks/NetFS.framework/Versions/A/NetFS
0x0000000005949000 	/System/Library/PrivateFrameworks/NetAuth.framework/Versions/A/NetAuth
0x0000000005949000 	/System/Library/PrivateFrameworks/login.framework/Versions/A/Frameworks/loginsupport.framework/Versions/A/loginsupport
0x0000000005949000 	/System/Library/PrivateFrameworks/TCC.framework/Versions/A/TCC
0x0000000005949000 	/usr/lib/libmecabra.dylib
0x0000000005949000 	/System/Library/Frameworks/ApplicationServices.framework/Versions/A/Frameworks/ATS.framework/Versions/A/ATS
0x0000000005949000 	/System/Library/Frameworks/ApplicationServices.framework/Versions/A/Frameworks/ColorSync.framework/Versions/A/ColorSync
0x0000000005949000 	/System/Library/Frameworks/ApplicationServices.framework/Versions/A/Frameworks/HIServices.framework/Versions/A/HIServices
0x0000000005949000 	/System/Library/Frameworks/ApplicationServices.framework/Versions/A/Frameworks/LangAnalysis.framework/Versions/A/LangAnalysis
0x0000000005949000 	/System/Library/Frameworks/ApplicationServices.framework/Versions/A/Frameworks/PrintCore.framework/Versions/A/PrintCore
0x0000000005949000 	/System/Library/Frameworks/ApplicationServices.framework/Versions/A/Frameworks/QD.framework/Versions/A/QD
0x0000000005949000 	/System/Library/Frameworks/ApplicationServices.framework/Versions/A/Frameworks/SpeechSynthesis.framework/Versions/A/SpeechSynthesis
0x0000000005949000 	/System/Library/Frameworks/Metal.framework/Versions/A/Metal
0x0000000005949000 	/System/Library/Frameworks/Accelerate.framework/Versions/A/Frameworks/vImage.framework/Versions/A/vImage
0x0000000005949000 	/System/Library/Frameworks/Accelerate.framework/Versions/A/Frameworks/vecLib.framework/Versions/A/vecLib
0x0000000005949000 	/System/Library/Frameworks/Accelerate.framework/Versions/A/Frameworks/vecLib.framework/Versions/A/libvDSP.dylib
0x0000000005949000 	/System/Library/Frameworks/Accelerate.framework/Versions/A/Frameworks/vecLib.framework/Versions/A/libvMisc.dylib
0x0000000005949000 	/System/Library/Frameworks/Accelerate.framework/Versions/A/Frameworks/vecLib.framework/Versions/A/libLAPACK.dylib
0x0000000005949000 	/System/Library/Frameworks/Accelerate.framework/Versions/A/Frameworks/vecLib.framework/Versions/A/libBLAS.dylib
0x0000000005949000 	/System/Library/Frameworks/Accelerate.framework/Versions/A/Frameworks/vecLib.framework/Versions/A/libLinearAlgebra.dylib
0x0000000005949000 	/System/Library/Frameworks/Accelerate.framework/Versions/A/Frameworks/vecLib.framework/Versions/A/libSparseBLAS.dylib
0x0000000005949000 	/System/Library/PrivateFrameworks/GPUCompiler.framework/libmetal_timestamp.dylib
0x0000000005949000 	/System/Library/Frameworks/OpenGL.framework/Versions/A/Libraries/libCoreFSCache.dylib
0x0000000005949000 	/System/Library/PrivateFrameworks/IOAccelerator.framework/Versions/A/IOAccelerator
0x0000000005949000 	/System/Library/Frameworks/ApplicationServices.framework/Versions/A/Frameworks/ATS.framework/Versions/A/Resources/libFontParser.dylib
0x0000000005949000 	/System/Library/Frameworks/ApplicationServices.framework/Versions/A/Frameworks/ATS.framework/Versions/A/Resources/libFontRegistry.dylib
0x0000000005949000 	/System/Library/PrivateFrameworks/AppleVPA.framework/Versions/A/AppleVPA
0x0000000005949000 	/System/Library/PrivateFrameworks/AppleJPEG.framework/Versions/A/AppleJPEG
0x0000000005949000 	/System/Library/Frameworks/ImageIO.framework/Versions/A/Resources/libJPEG.dylib
0x0000000005949000 	/System/Library/Frameworks/ImageIO.framework/Versions/A/Resources/libTIFF.dylib
0x0000000005949000 	/System/Library/Frameworks/ImageIO.framework/Versions/A/Resources/libPng.dylib
0x0000000005949000 	/System/Library/Frameworks/ImageIO.framework/Versions/A/Resources/libGIF.dylib
0x0000000005949000 	/System/Library/Frameworks/ImageIO.framework/Versions/A/Resources/libJP2.dylib
0x0000000005949000 	/System/Library/Frameworks/ImageIO.framework/Versions/A/Resources/libRadiance.dylib
0x0000000005949000 	/System/Library/Frameworks/CoreVideo.framework/Versions/A/CoreVideo
0x0000000005949000 	/System/Library/Frameworks/OpenGL.framework/Versions/A/Libraries/libGLU.dylib
0x0000000005949000 	/System/Library/Frameworks/OpenGL.framework/Versions/A/Libraries/libGFXShared.dylib
0x0000000005949000 	/System/Library/Frameworks/OpenGL.framework/Versions/A/Libraries/libGL.dylib
0x0000000005949000 	/System/Library/Frameworks/OpenGL.framework/Versions/A/Libraries/libGLImage.dylib
0x0000000005949000 	/System/Library/Frameworks/OpenGL.framework/Versions/A/Libraries/libCVMSPluginSupport.dylib
0x0000000005949000 	/System/Library/Frameworks/OpenGL.framework/Versions/A/Libraries/libCoreVMClient.dylib
0x0000000005949000 	/usr/lib/libcompression.dylib
0x0000000005949000 	/usr/lib/libcups.2.dylib
0x0000000005949000 	/System/Library/Frameworks/Kerberos.framework/Versions/A/Kerberos
0x0000000005949000 	/System/Library/Frameworks/GSS.framework/Versions/A/GSS
0x0000000005949000 	/usr/lib/libresolv.9.dylib
0x0000000005949000 	/usr/lib/libiconv.2.dylib
0x0000000005949000 	/System/Library/PrivateFrameworks/Heimdal.framework/Versions/A/Heimdal
0x0000000005949000 	/usr/lib/libheimdal-asn1.dylib
0x0000000005949000 	/System/Library/Frameworks/OpenDirectory.framework/Versions/A/OpenDirectory
0x0000000005949000 	/System/Library/PrivateFrameworks/CommonAuth.framework/Versions/A/CommonAuth
0x0000000005949000 	/System/Library/Frameworks/OpenDirectory.framework/Versions/A/Frameworks/CFOpenDirectory.framework/Versions/A/CFOpenDirectory
0x0000000005949000 	/System/Library/Frameworks/SecurityFoundation.framework/Versions/A/SecurityFoundation
0x0000000005949000 	/System/Library/PrivateFrameworks/LanguageModeling.framework/Versions/A/LanguageModeling
0x0000000005949000 	/usr/lib/libmarisa.dylib
0x0000000005949000 	/usr/lib/libChineseTokenizer.dylib
0x0000000005949000 	/usr/lib/libcmph.dylib
0x0000000005949000 	/System/Library/Frameworks/ServiceManagement.framework/Versions/A/ServiceManagement
0x0000000005949000 	/usr/lib/libxslt.1.dylib
0x0000000005949000 	/System/Library/Frameworks/Carbon.framework/Versions/A/Frameworks/Ink.framework/Versions/A/Ink
0x0000000005949000 	/usr/lib/libFosl_dynamic.dylib
0x0000000005949000 	/System/Library/PrivateFrameworks/FaceCore.framework/Versions/A/FaceCore
0x0000000005949000 	/System/Library/Frameworks/OpenCL.framework/Versions/A/OpenCL
0x0000000005949000 	/System/Library/PrivateFrameworks/CrashReporterSupport.framework/Versions/A/CrashReporterSupport
0x0000000005949000 	/System/Library/PrivateFrameworks/IconServices.framework/Versions/A/IconServices
0x0000000005949000 	/System/Library/PrivateFrameworks/Apple80211.framework/Versions/A/Apple80211
0x0000000005949000 	/System/Library/Frameworks/CoreWLAN.framework/Versions/A/CoreWLAN
0x0000000005949000 	/System/Library/Frameworks/IOBluetooth.framework/Versions/A/IOBluetooth
0x0000000005949000 	/System/Library/PrivateFrameworks/CoreWiFi.framework/Versions/A/CoreWiFi
0x0000000005949000 	/System/Library/Frameworks/CoreBluetooth.framework/Versions/A/CoreBluetooth
0x0000000005949000 	/System/Library/PrivateFrameworks/ChunkingLibrary.framework/Versions/A/ChunkingLibrary
0x0000000005949000 	/System/Library/PrivateFrameworks/DebugSymbols.framework/Versions/A/DebugSymbols
0x0000000005949000 	/System/Library/PrivateFrameworks/CoreSymbolication.framework/Versions/A/CoreSymbolication
0x0000000005949000 	/System/Library/PrivateFrameworks/Symbolication.framework/Versions/A/Symbolication
0x0000000005949000 	/System/Library/PrivateFrameworks/SpeechRecognitionCore.framework/Versions/A/SpeechRecognitionCore
0x000000010ac00000 	/Library/Java/JavaVirtualMachines/jdk1.8.0_45.jdk/Contents/Home/jre/lib/server/libjvm.dylib
0x0000000005949000 	/usr/lib/libstdc++.6.dylib
0x000000010a222000 	/Library/Java/JavaVirtualMachines/jdk1.8.0_45.jdk/Contents/Home/jre/lib/libverify.dylib
0x000000010a230000 	/Library/Java/JavaVirtualMachines/jdk1.8.0_45.jdk/Contents/Home/jre/lib/libjava.dylib
0x000000010a26f000 	/Library/Java/JavaVirtualMachines/jdk1.8.0_45.jdk/Contents/Home/jre/lib/libzip.dylib
0x0000000121359000 	/System/Library/Frameworks/JavaVM.framework/Frameworks/JavaRuntimeSupport.framework/JavaRuntimeSupport
0x000000010a3eb000 	/System/Library/Frameworks/JavaVM.framework/Versions/A/Frameworks/JavaNativeFoundation.framework/Versions/A/JavaNativeFoundation
0x0000000121374000 	/System/Library/Frameworks/JavaVM.framework/Versions/A/JavaVM
0x0000000005949000 	/System/Library/Frameworks/Carbon.framework/Versions/A/Carbon
0x0000000121381000 	/System/Library/PrivateFrameworks/JavaLaunching.framework/Versions/A/JavaLaunching
0x0000000005949000 	/System/Library/Frameworks/Carbon.framework/Versions/A/Frameworks/CommonPanels.framework/Versions/A/CommonPanels
0x0000000005949000 	/System/Library/Frameworks/Carbon.framework/Versions/A/Frameworks/Help.framework/Versions/A/Help
0x0000000005949000 	/System/Library/Frameworks/Carbon.framework/Versions/A/Frameworks/ImageCapture.framework/Versions/A/ImageCapture
0x0000000005949000 	/System/Library/Frameworks/Carbon.framework/Versions/A/Frameworks/OpenScripting.framework/Versions/A/OpenScripting
0x0000000005949000 	/System/Library/Frameworks/Carbon.framework/Versions/A/Frameworks/Print.framework/Versions/A/Print
0x0000000005949000 	/System/Library/Frameworks/Carbon.framework/Versions/A/Frameworks/SecurityHI.framework/Versions/A/SecurityHI
0x000000012496a000 	/Library/Java/JavaVirtualMachines/jdk1.8.0_45.jdk/Contents/Home/jre/lib/libawt.dylib
0x0000000124a12000 	/Library/Java/JavaVirtualMachines/jdk1.8.0_45.jdk/Contents/Home/jre/lib/./libmlib_image.dylib
0x0000000124ade000 	/Library/Java/JavaVirtualMachines/jdk1.8.0_45.jdk/Contents/Home/jre/lib/libawt_lwawt.dylib
0x0000000123649000 	/Library/Java/JavaVirtualMachines/jdk1.8.0_45.jdk/Contents/Home/jre/lib/./libosxapp.dylib
0x0000000005949000 	/System/Library/Frameworks/ExceptionHandling.framework/Versions/A/ExceptionHandling
0x0000000005949000 	/System/Library/PrivateFrameworks/CoreServicesInternal.framework/Versions/A/CoreServicesInternal
0x0000000005949000 	/System/Library/Frameworks/CoreGraphics.framework/Versions/A/Resources/libRIP.A.dylib
0x0000000005949000 	/System/Library/Frameworks/Accelerate.framework/Versions/A/Frameworks/vImage.framework/Versions/A/Libraries/libCGInterfaces.dylib
0x0000000005949000 	/System/Library/PrivateFrameworks/FamilyControls.framework/Versions/A/FamilyControls
0x0000000005949000 	/System/Library/PrivateFrameworks/CommerceKit.framework/Versions/A/Frameworks/CommerceCore.framework/Versions/A/CommerceCore
0x0000000005949000 	/System/Library/PrivateFrameworks/SystemAdministration.framework/Versions/A/SystemAdministration
0x0000000005949000 	/System/Library/PrivateFrameworks/AppContainer.framework/Versions/A/AppContainer
0x0000000005949000 	/System/Library/PrivateFrameworks/SecCodeWrapper.framework/Versions/A/SecCodeWrapper
0x0000000005949000 	/System/Library/Frameworks/DirectoryService.framework/Versions/A/DirectoryService
0x0000000005949000 	/System/Library/PrivateFrameworks/DiskImages.framework/Versions/A/DiskImages
0x0000000005949000 	/System/Library/PrivateFrameworks/LoginUIKit.framework/Versions/A/Frameworks/LoginUICore.framework/Versions/A/LoginUICore
0x0000000005949000 	/usr/lib/libCoreStorage.dylib
0x0000000005949000 	/usr/lib/libcsfde.dylib
0x0000000005949000 	/usr/lib/libodfde.dylib
0x0000000005949000 	/System/Library/Frameworks/DiscRecording.framework/Versions/A/DiscRecording
0x0000000005949000 	/usr/lib/libcurl.4.dylib
0x0000000005949000 	/System/Library/PrivateFrameworks/MediaKit.framework/Versions/A/MediaKit
0x0000000005949000 	/System/Library/PrivateFrameworks/ProtectedCloudStorage.framework/Versions/A/ProtectedCloudStorage
0x0000000005949000 	/System/Library/PrivateFrameworks/EFILogin.framework/Versions/A/EFILogin
0x0000000005949000 	/usr/lib/libutil.dylib
0x0000000005949000 	/System/Library/PrivateFrameworks/FindMyDevice.framework/Versions/A/FindMyDevice
0x0000000005949000 	/System/Library/Frameworks/LDAP.framework/Versions/A/LDAP
0x0000000005949000 	/usr/lib/libsasl2.2.dylib
0x0000000005949000 	/System/Library/PrivateFrameworks/CoreDaemon.framework/Versions/B/CoreDaemon
0x0000000005949000 	/usr/lib/libcrypto.0.9.8.dylib
0x0000000005949000 	/System/Library/PrivateFrameworks/AppleSRP.framework/Versions/A/AppleSRP
0x0000000005949000 	/System/Library/PrivateFrameworks/TrustEvaluationAgent.framework/Versions/A/TrustEvaluationAgent
0x0000000122e84000 	/Library/Java/JavaVirtualMachines/jdk1.8.0_45.jdk/Contents/Home/jre/lib/libsunec.dylib
0x0000000122e43000 	/Library/Java/JavaVirtualMachines/jdk1.8.0_45.jdk/Contents/Home/jre/lib/libnet.dylib
0x0000000122e1c000 	/Library/Java/JavaVirtualMachines/jdk1.8.0_45.jdk/Contents/Home/jre/lib/libnio.dylib
0x00000001232b9000 	/Library/Java/JavaVirtualMachines/jdk1.8.0_45.jdk/Contents/Home/jre/lib/libfontmanager.dylib
0x0000000005949000 	/System/Library/Frameworks/OpenGL.framework/Versions/A/Resources/GLEngine.bundle/GLEngine
0x0000000005949000 	/System/Library/Frameworks/OpenGL.framework/Versions/A/Libraries/libGLProgrammability.dylib
0x000000012a72e000 	/System/Library/Extensions/AppleIntelBDWGraphicsGLDriver.bundle/Contents/MacOS/AppleIntelBDWGraphicsGLDriver
0x0000000005949000 	/System/Library/PrivateFrameworks/GPUSupport.framework/Versions/A/Libraries/libGPUSupportMercury.dylib
0x0000000005949000 	/System/Library/Frameworks/OpenGL.framework/Versions/A/Resources/GLRendererFloat.bundle/GLRendererFloat
0x0000000005949000 	/System/Library/Frameworks/OpenCL.framework/Versions/A/Libraries/libcldcpuengine.dylib
0x0000000123214000 	/private/var/folders/7w/79mms3zd79bbx1657jj1yzvc0000gn/T/jna/jna6441147020165892262.tmp
0x000000012b466000 	/Users/roo/bin/clj_counterpoint/target/native/macosx/x86_64/libscsynth.dylib
0x0000000123228000 	/Library/Java/JavaVirtualMachines/jdk1.8.0_45.jdk/Contents/Home/jre/lib/libjsound.dylib
0x0000000127fd7000 	/System/Library/Frameworks/CoreMIDI.framework/Versions/A/CoreMIDI
0x0000000124724000 	/usr/lib/libexpat.1.dylib
0x0000000122fb6000 	/System/Library/Extensions/AppleHDA.kext/Contents/PlugIns/AppleHDAHALPlugIn.bundle/Contents/MacOS/AppleHDAHALPlugIn
0x00000001285fb000 	/Library/Audio/Plug-Ins/HAL/JackRouter.plugin/Contents/MacOS/JackRouter
0x000000012916e000 	/System/Library/Frameworks/Jackmp.framework/Versions/A/Jackmp
0x000000012304a000 	/Library/Java/JavaVirtualMachines/jdk1.8.0_45.jdk/Contents/Home/jre/lib/libmanagement.dylib
0x0000000122fed000 	/Users/roo/bin/clj_counterpoint/target/native/macosx/x86_64/AmbisonicUGens.scx
0x0000000123081000 	/Users/roo/bin/clj_counterpoint/target/native/macosx/x86_64/AtkUGens.scx
0x0000000123026000 	/Users/roo/bin/clj_counterpoint/target/native/macosx/x86_64/AY_UGen.scx
0x000000012309a000 	/Users/roo/bin/clj_counterpoint/target/native/macosx/x86_64/BatPVUgens.scx
0x0000000122ff3000 	/Users/roo/bin/clj_counterpoint/target/native/macosx/x86_64/BatUGens.scx
0x000000012323b000 	/Users/roo/bin/clj_counterpoint/target/native/macosx/x86_64/BBCut2UGens.scx
0x0000000123243000 	/Users/roo/bin/clj_counterpoint/target/native/macosx/x86_64/BerlachUGens.scx
0x000000012329a000 	/Users/roo/bin/clj_counterpoint/target/native/macosx/x86_64/BetablockerUGens.scx
0x00000001232a2000 	/Users/roo/bin/clj_counterpoint/target/native/macosx/x86_64/BhobChaos.scx
0x00000001233b0000 	/Users/roo/bin/clj_counterpoint/target/native/macosx/x86_64/BhobFFT.scx
0x00000001236a5000 	/Users/roo/bin/clj_counterpoint/target/native/macosx/x86_64/BhobFilt.scx
0x00000001232ad000 	/Users/roo/bin/clj_counterpoint/target/native/macosx/x86_64/BhobGrain.scx
0x0000000123360000 	/Users/roo/bin/clj_counterpoint/target/native/macosx/x86_64/BhobNoise.scx
0x00000001246c0000 	/Users/roo/bin/clj_counterpoint/target/native/macosx/x86_64/BinaryOpUGens.scx
0x00000001232b4000 	/Users/roo/bin/clj_counterpoint/target/native/macosx/x86_64/BlackrainUGens.scx
0x00000001233c3000 	/Users/roo/bin/clj_counterpoint/target/native/macosx/x86_64/ChaosUGens.scx
0x0000000123638000 	/Users/roo/bin/clj_counterpoint/target/native/macosx/x86_64/Concat.scx
0x00000001246e9000 	/Users/roo/bin/clj_counterpoint/target/native/macosx/x86_64/DelayUGens.scx
0x00000001236b7000 	/Users/roo/bin/clj_counterpoint/target/native/macosx/x86_64/DemandUGens.scx
0x000000012b7dd000 	/Users/roo/bin/clj_counterpoint/target/native/macosx/x86_64/DiskIO_UGens.scx
0x0000000123369000 	/Users/roo/bin/clj_counterpoint/target/native/macosx/x86_64/DistortionUGens.scx
0x00000001233cc000 	/Users/roo/bin/clj_counterpoint/target/native/macosx/x86_64/DynNoiseUGens.scx
0x0000000124747000 	/Users/roo/bin/clj_counterpoint/target/native/macosx/x86_64/FFT_UGens.scx
0x0000000124ffd000 	/Users/roo/bin/clj_counterpoint/target/native/macosx/x86_64/FilterUGens.scx
0x000000012363f000 	/Users/roo/bin/clj_counterpoint/target/native/macosx/x86_64/GendynUGens.scx
0x0000000123644000 	/Users/roo/bin/clj_counterpoint/target/native/macosx/x86_64/GlitchUGens.scx
0x0000000125019000 	/Users/roo/bin/clj_counterpoint/target/native/macosx/x86_64/GrainUGens.scx
0x0000000123dd5000 	/Users/roo/bin/clj_counterpoint/target/native/macosx/x86_64/IOUGens.scx
0x0000000123f2f000 	/Users/roo/bin/clj_counterpoint/target/native/macosx/x86_64/JoshAmbiUGens.scx
0x0000000127d14000 	/Users/roo/bin/clj_counterpoint/target/native/macosx/x86_64/JoshGrainUGens.scx
0x000000012502c000 	/Users/roo/bin/clj_counterpoint/target/native/macosx/x86_64/JoshPVUGens.scx
0x0000000126a9b000 	/Users/roo/bin/clj_counterpoint/target/native/macosx/x86_64/JoshUGens.scx
0x0000000123ddd000 	/Users/roo/bin/clj_counterpoint/target/native/macosx/x86_64/KeyboardUGens.scx
0x0000000123de2000 	/Users/roo/bin/clj_counterpoint/target/native/macosx/x86_64/LadspaUGen.scx
0x00000001254d5000 	/Users/roo/bin/clj_counterpoint/target/native/macosx/x86_64/LFUGens.scx
0x00000001243bd000 	/Users/roo/bin/clj_counterpoint/target/native/macosx/x86_64/LoopBuf.scx
0x00000001245ed000 	/Users/roo/bin/clj_counterpoint/target/native/macosx/x86_64/MCLDBufferUGens.scx
0x0000000124714000 	/Users/roo/bin/clj_counterpoint/target/native/macosx/x86_64/MCLDCepstrumUGens.scx
0x0000000124694000 	/Users/roo/bin/clj_counterpoint/target/native/macosx/x86_64/MCLDChaosUGens.scx
0x000000012469a000 	/Users/roo/bin/clj_counterpoint/target/native/macosx/x86_64/MCLDDistortionUGens.scx
0x0000000128309000 	/Users/roo/bin/clj_counterpoint/target/native/macosx/x86_64/MCLDFFTUGens.scx
0x0000000125049000 	/Users/roo/bin/clj_counterpoint/target/native/macosx/x86_64/MCLDFilterUGens.scx
0x000000012504d000 	/Users/roo/bin/clj_counterpoint/target/native/macosx/x86_64/MCLDGetenvUGen.scx
0x0000000125051000 	/Users/roo/bin/clj_counterpoint/target/native/macosx/x86_64/MCLDOscUGens.scx
0x00000001250c9000 	/Users/roo/bin/clj_counterpoint/target/native/macosx/x86_64/MCLDPollUGens.scx
0x00000001250cd000 	/Users/roo/bin/clj_counterpoint/target/native/macosx/x86_64/MCLDSOMUGens.scx
0x0000000122fc8000 	/Users/roo/bin/clj_counterpoint/target/native/macosx/x86_64/MCLDTreeUGens.scx
0x0000000122fcd000 	/Users/roo/bin/clj_counterpoint/target/native/macosx/x86_64/MCLDTriggeredStatsUgens.scx
0x000000012cfab000 	/Users/roo/bin/clj_counterpoint/target/native/macosx/x86_64/MdaUGens.scx
0x0000000122fd1000 	/Users/roo/bin/clj_counterpoint/target/native/macosx/x86_64/MembraneUGens.scx
0x0000000123266000 	/Users/roo/bin/clj_counterpoint/target/native/macosx/x86_64/ML_UGens.scx
0x0000000122fd6000 	/Users/roo/bin/clj_counterpoint/target/native/macosx/x86_64/MouseUGens.scx
0x0000000122fdc000 	/Users/roo/bin/clj_counterpoint/target/native/macosx/x86_64/MulAddUGens.scx
0x00000001245c2000 	/Users/roo/bin/clj_counterpoint/target/native/macosx/x86_64/NCAnalysisUGens.scx
0x0000000122fe3000 	/Users/roo/bin/clj_counterpoint/target/native/macosx/x86_64/NoiseUGens.scx
0x00000001245f2000 	/Users/roo/bin/clj_counterpoint/target/native/macosx/x86_64/OscUGens.scx
0x00000001245e1000 	/Users/roo/bin/clj_counterpoint/target/native/macosx/x86_64/PanUGens.scx
0x0000000124602000 	/Users/roo/bin/clj_counterpoint/target/native/macosx/x86_64/PhysicalModelingUGens.scx
0x0000000124606000 	/Users/roo/bin/clj_counterpoint/target/native/macosx/x86_64/PitchDetection.scx
0x000000012460d000 	/Users/roo/bin/clj_counterpoint/target/native/macosx/x86_64/PV_ThirdParty.scx
0x0000000124621000 	/Users/roo/bin/clj_counterpoint/target/native/macosx/x86_64/ReverbUGens.scx
0x0000000124629000 	/Users/roo/bin/clj_counterpoint/target/native/macosx/x86_64/RFWUGens.scx
0x000000012462d000 	/Users/roo/bin/clj_counterpoint/target/native/macosx/x86_64/RMEQSuite.scx
0x0000000124635000 	/Users/roo/bin/clj_counterpoint/target/native/macosx/x86_64/SLUGens.scx
0x000000012b076000 	/Users/roo/bin/clj_counterpoint/target/native/macosx/x86_64/StkUGens.scx
0x0000000124644000 	/Users/roo/bin/clj_counterpoint/target/native/macosx/x86_64/SummerUGens.scx
0x0000000124649000 	/Users/roo/bin/clj_counterpoint/target/native/macosx/x86_64/TagSystemUgens.scx
0x000000012464f000 	/Users/roo/bin/clj_counterpoint/target/native/macosx/x86_64/TestUGens.scx
0x0000000126ab5000 	/Users/roo/bin/clj_counterpoint/target/native/macosx/x86_64/TJUGens.scx
0x0000000127d3f000 	/Users/roo/bin/clj_counterpoint/target/native/macosx/x86_64/TriggerUGens.scx
0x0000000128f0b000 	/Users/roo/bin/clj_counterpoint/target/native/macosx/x86_64/UnaryOpUGens.scx
0x0000000128557000 	/Users/roo/bin/clj_counterpoint/target/native/macosx/x86_64/UnpackFFTUGens.scx
0x0000000127dcf000 	/Users/roo/bin/clj_counterpoint/target/native/macosx/x86_64/VBAP.scx
0x0000000126abf000 	/Users/roo/bin/clj_counterpoint/target/native/macosx/x86_64/VOSIM.scx

VM Arguments:
jvm_args: -Dfile.encoding=UTF-8 -Dclojure.compile.path=/Users/roo/bin/clj_counterpoint/target/classes -Dclj_counterpoint.version=0.1.0-SNAPSHOT -Dclojure.debug=false -Djava.library.path=/Users/roo/bin/clj_counterpoint/target/native/macosx/x86_64 
java_command: clojure.main -i /private/var/folders/7w/79mms3zd79bbx1657jj1yzvc0000gn/T/form-init2151175839828095270.clj
java_class_path (initial): /Users/roo/bin/clj_counterpoint/test:/Users/roo/bin/clj_counterpoint/src:/Users/roo/bin/clj_counterpoint/dev-resources:/Users/roo/bin/clj_counterpoint/resources:/Users/roo/bin/clj_counterpoint/target/classes:/Users/roo/.m2/repository/org/tcrawley/dynapath/0.2.3/dynapath-0.2.3.jar:/Users/roo/.m2/repository/cider/cider-nrepl/0.9.1/cider-nrepl-0.9.1.jar:/Users/roo/.m2/repository/org/clojure/tools.nrepl/0.2.7/tools.nrepl-0.2.7.jar:/Users/roo/.m2/repository/overtone/scsynth-extras/3.5.7.0/scsynth-extras-3.5.7.0.jar:/Users/roo/.m2/repository/mud/mud/0.1.1-SNAPSHOT/mud-0.1.1-SNAPSHOT.jar:/Users/roo/.m2/repository/net/java/dev/jna/jna/3.4.0/jna-3.4.0.jar:/Users/roo/.m2/repository/clojure-complete/clojure-complete/0.2.3/clojure-complete-0.2.3.jar:/Users/roo/.m2/repository/overtone/at-at/1.2.0/at-at-1.2.0.jar:/Users/roo/.m2/repository/refactor-nrepl/refactor-nrepl/1.1.0/refactor-nrepl-1.1.0.jar:/Users/roo/.m2/repository/overtone/byte-spec/0.3.1/byte-spec-0.3.1.jar:/Users/roo/.m2/repository/overtone/overtone/0.10.1/overtone-0.10.1.jar:/Users/roo/.m2/repository/overtone/osc-clj/0.9.0/osc-clj-0.9.0.jar:/Users/roo/.m2/repository/org/clojure/math.numeric-tower/0.0.4/math.numeric-tower-0.0.4.jar:/Users/roo/.m2/repository/overtone/libs.handlers/0.2.0/libs.handlers-0.2.0.jar:/Users/roo/.m2/repository/org/clojure/clojure/1.7.0/clojure-1.7.0.jar:/Users/roo/.m2/repository/overtone/scsynth/3.5.7.0/scsynth-3.5.7.0.jar:/Users/roo/.m2/repository/commons-net/commons-net/3.0.1/commons-net-3.0.1.jar:/Users/roo/.m2/repository/javax/jmdns/jmdns/3.4.1/jmdns-3.4.1.jar:/Users/roo/.m2/repository/clj-glob/clj-glob/1.0.0/clj-glob-1.0.0.jar:/Users/roo/.m2/repository/overtone/midi-clj/0.5.0/midi-clj-0.5.0.jar:/Users/roo/.m2/repository/org/clojure/data.json/0.2.3/data.json-0.2.3.jar:/Users/roo/.m2/repository/clj-native/clj-native/0.9.3/clj-native-0.9.3.jar
Launcher Type: SUN_STANDARD

Environment Variables:
PATH=/usr/local/bin:/usr/bin:/bin:/usr/sbin:/sbin:/Applications/Emacs.app/Contents/MacOS/bin-x86_64-10_9:/Applications/Emacs.app/Contents/MacOS/libexec-x86_64-10_9
SHELL=/bin/bash
DISPLAY=roo.local

Signal Handlers:
SIGSEGV: [libjvm.dylib+0x58ef95], sa_mask[0]=11111111011111110111111111111111, sa_flags=SA_ONSTACK|SA_RESTART|SA_SIGINFO
SIGBUS: [libjvm.dylib+0x58ef95], sa_mask[0]=11111111011111110111111111111111, sa_flags=SA_RESTART|SA_SIGINFO
SIGFPE: [libjvm.dylib+0x46c108], sa_mask[0]=11111111011111110111111111111111, sa_flags=SA_RESTART|SA_SIGINFO
SIGPIPE: [libjvm.dylib+0x46c108], sa_mask[0]=11111111011111110111111111111111, sa_flags=SA_RESTART|SA_SIGINFO
SIGXFSZ: [libjvm.dylib+0x46c108], sa_mask[0]=11111111011111110111111111111111, sa_flags=SA_RESTART|SA_SIGINFO
SIGILL: [libjvm.dylib+0x46c108], sa_mask[0]=11111111011111110111111111111111, sa_flags=SA_RESTART|SA_SIGINFO
SIGUSR1: SIG_DFL, sa_mask[0]=11011111011111100000000111000110, sa_flags=none
SIGUSR2: [libjvm.dylib+0x46bc26], sa_mask[0]=00100000000000000000000000000000, sa_flags=SA_RESTART|SA_SIGINFO
SIGHUP: [libjvm.dylib+0x46a1f9], sa_mask[0]=11111111011111110111111111111111, sa_flags=SA_RESTART|SA_SIGINFO
SIGINT: [libjvm.dylib+0x46a1f9], sa_mask[0]=11111111011111110111111111111111, sa_flags=SA_RESTART|SA_SIGINFO
SIGTERM: [libjvm.dylib+0x46a1f9], sa_mask[0]=11111111011111110111111111111111, sa_flags=SA_RESTART|SA_SIGINFO
SIGQUIT: [libjvm.dylib+0x46a1f9], sa_mask[0]=11111111011111110111111111111111, sa_flags=SA_RESTART|SA_SIGINFO


---------------  S Y S T E M  ---------------

OS:Bsduname:Darwin 15.5.0 Darwin Kernel Version 15.5.0: Mon Apr  4 19:07:49 PDT 2016; root:xnu-3248.50.20~6/RELEASE_X86_64 x86_64
rlimit: STACK 8515k, CORE 0k, NPROC 709, NOFILE 10240, AS infinity
load average:3.62 3.44 2.74

CPU:total 4 (2 cores per cpu, 2 threads per core) family 6 model 61 stepping 4, cmov, cx8, fxsr, mmx, sse, sse2, sse3, ssse3, sse4.1, sse4.2, popcnt, avx, avx2, aes, clmul, erms, 3dnowpref, lzcnt, ht, tsc, tscinvbit, bmi1, bmi2, adx

Memory: 4k page, physical 8388608k(39028k free)

/proc/meminfo:


vm_info: Java HotSpot(TM) 64-Bit Server VM (25.45-b02) for bsd-amd64 JRE (1.8.0_45-b14), built on Apr 10 2015 10:46:38 by "java_re" with gcc 4.2.1 (Based on Apple Inc. build 5658) (LLVM build 2336.11.00)

time: Sun May  8 16:28:46 2016
elapsed time: 94 seconds (0d 0h 1m 34s)

